[2017-05-04 12:06:38,804] INFO: DocId_question1_1D (1D): corr = 0.002068
[2017-05-04 12:06:45,109] INFO: DocId_question2_1D (1D): corr = -0.000113
[2017-05-04 12:06:51,163] INFO: DocLen_question1_1D (1D): corr = -0.167064
[2017-05-04 12:06:58,041] INFO: DocLen_question2_1D (1D): corr = -0.170862
[2017-05-04 12:07:01,956] INFO: DocFreq_question1_1D (1D): corr = 0.261726
[2017-05-04 12:07:05,866] INFO: DocFreq_question2_1D (1D): corr = 0.164220
[2017-05-04 12:08:38,319] INFO: DocEntropy_question1_1D (1D): corr = -0.145283
[2017-05-04 12:10:20,415] INFO: DocEntropy_question2_1D (1D): corr = -0.146158
[2017-05-04 12:10:27,890] INFO: DigitCount_question1_1D (1D): corr = 0.015821
[2017-05-04 12:10:34,791] INFO: DigitCount_question2_1D (1D): corr = 0.004713
[2017-05-04 12:10:49,207] INFO: DigitRatio_question1_1D (1D): corr = 0.035699
[2017-05-04 12:11:03,893] INFO: DigitRatio_question2_1D (1D): corr = 0.031905
[2017-05-04 12:11:16,308] INFO: UniqueCount_Unigram_question1_1D (1D): corr = -0.166061
[2017-05-04 12:11:27,872] INFO: UniqueCount_Unigram_question2_1D (1D): corr = -0.171091
[2017-05-04 12:12:16,335] INFO: UniqueCount_Bigram_question1_1D (1D): corr = -0.167439
[2017-05-04 12:13:04,597] INFO: UniqueCount_Bigram_question2_1D (1D): corr = -0.171994
[2017-05-04 12:14:10,476] INFO: UniqueCount_Trigram_question1_1D (1D): corr = -0.167378
[2017-05-04 12:15:16,712] INFO: UniqueCount_Trigram_question2_1D (1D): corr = -0.171247
[2017-05-04 12:15:29,738] INFO: UniqueRatio_Unigram_question1_1D (1D): corr = 0.105830
[2017-05-04 12:15:42,704] INFO: UniqueRatio_Unigram_question2_1D (1D): corr = 0.120724
[2017-05-04 12:16:32,000] INFO: UniqueRatio_Bigram_question1_1D (1D): corr = 0.047697
[2017-05-04 12:17:21,725] INFO: UniqueRatio_Bigram_question2_1D (1D): corr = 0.053547
[2017-05-04 12:18:32,178] INFO: UniqueRatio_Trigram_question1_1D (1D): corr = 0.028782
[2017-05-04 12:19:39,593] INFO: UniqueRatio_Trigram_question2_1D (1D): corr = 0.032497
[2017-05-04 12:35:33,277] INFO: IntersectCount_Unigram_question1_x_question2_1D (1D): corr = 0.143247
[2017-05-04 12:50:12,629] INFO: IntersectCount_Bigram_question1_x_question2_1D (1D): corr = 0.204494
[2017-05-04 13:05:14,700] INFO: IntersectCount_Trigram_question1_x_question2_1D (1D): corr = 0.153375
[2017-05-04 13:16:51,908] INFO: IntersectRatio_Unigram_question1_x_question2_1D (1D): corr = 0.340557
[2017-05-04 13:30:36,944] INFO: IntersectRatio_Bigram_question1_x_question2_1D (1D): corr = 0.319651
[2017-05-04 13:44:41,550] INFO: IntersectRatio_Trigram_question1_x_question2_1D (1D): corr = 0.245448
[2017-05-04 13:58:33,656] INFO: CooccurrenceCount_Unigram_question1_x_question2_1D (1D): corr = 0.074756
[2017-05-04 14:13:24,381] INFO: CooccurrenceCount_Bigram_question1_x_question2_1D (1D): corr = 0.186676
[2017-05-04 14:28:03,155] INFO: CooccurrenceCount_Trigram_question1_x_question2_1D (1D): corr = 0.146898
[2017-05-04 14:42:07,498] INFO: CooccurrenceRatio_Unigram_question1_x_question2_1D (1D): corr = 0.308207
[2017-05-04 14:56:45,719] INFO: CooccurrenceRatio_Bigram_question1_x_question2_1D (1D): corr = 0.307879
[2017-05-04 15:11:55,854] INFO: CooccurrenceRatio_Trigram_question1_x_question2_1D (1D): corr = 0.240181
[2017-05-04 15:23:34,298] INFO: IntersectCount_Unigram_question2_x_question1_1D (1D): corr = 0.135111
[2017-05-04 15:37:37,858] INFO: IntersectCount_Bigram_question2_x_question1_1D (1D): corr = 0.204041
[2017-05-04 15:52:32,290] INFO: IntersectCount_Trigram_question2_x_question1_1D (1D): corr = 0.153172
[2017-05-04 16:04:21,000] INFO: IntersectRatio_Unigram_question2_x_question1_1D (1D): corr = 0.343982
[2017-05-04 16:18:40,436] INFO: IntersectRatio_Bigram_question2_x_question1_1D (1D): corr = 0.317086
[2017-05-04 16:33:36,576] INFO: IntersectRatio_Trigram_question2_x_question1_1D (1D): corr = 0.242047
[2017-05-04 16:48:29,153] INFO: CooccurrenceCount_Unigram_question2_x_question1_1D (1D): corr = 0.074756
[2017-05-04 17:04:06,535] INFO: CooccurrenceCount_Bigram_question2_x_question1_1D (1D): corr = 0.186676
[2017-05-04 17:19:32,361] INFO: CooccurrenceCount_Trigram_question2_x_question1_1D (1D): corr = 0.146898
[2017-05-04 17:34:07,498] INFO: CooccurrenceRatio_Unigram_question2_x_question1_1D (1D): corr = 0.308207
[2017-05-04 17:49:52,547] INFO: CooccurrenceRatio_Bigram_question2_x_question1_1D (1D): corr = 0.307879
[2017-05-04 18:05:23,741] INFO: CooccurrenceRatio_Trigram_question2_x_question1_1D (1D): corr = 0.240181
[2017-05-05 00:17:35,113] INFO: IntersectCount_Unigram_question1_x_question2_1D (1D): corr = 0.143247
[2017-05-05 00:31:42,783] INFO: IntersectCount_Bigram_question1_x_question2_1D (1D): corr = 0.204494
[2017-05-05 00:45:38,547] INFO: IntersectCount_Trigram_question1_x_question2_1D (1D): corr = 0.153375
[2017-05-05 00:56:38,979] INFO: IntersectRatio_Unigram_question1_x_question2_1D (1D): corr = 0.340557
[2017-05-05 01:10:01,850] INFO: IntersectRatio_Bigram_question1_x_question2_1D (1D): corr = 0.319651
[2017-05-05 01:24:00,646] INFO: IntersectRatio_Trigram_question1_x_question2_1D (1D): corr = 0.245448
[2017-05-05 01:37:48,978] INFO: CooccurrenceCount_Unigram_question1_x_question2_1D (1D): corr = 0.074756
[2017-05-05 01:52:20,543] INFO: CooccurrenceCount_Bigram_question1_x_question2_1D (1D): corr = 0.186676
[2017-05-05 02:06:57,514] INFO: CooccurrenceCount_Trigram_question1_x_question2_1D (1D): corr = 0.146898
[2017-05-05 02:20:47,049] INFO: CooccurrenceRatio_Unigram_question1_x_question2_1D (1D): corr = 0.308207
[2017-05-05 02:35:19,855] INFO: CooccurrenceRatio_Bigram_question1_x_question2_1D (1D): corr = 0.307879
[2017-05-05 02:49:59,745] INFO: CooccurrenceRatio_Trigram_question1_x_question2_1D (1D): corr = 0.240181
[2017-05-05 03:01:00,948] INFO: IntersectCount_Unigram_question2_x_question1_1D (1D): corr = 0.135111
[2017-05-05 03:14:25,072] INFO: IntersectCount_Bigram_question2_x_question1_1D (1D): corr = 0.204041
[2017-05-05 03:28:22,225] INFO: IntersectCount_Trigram_question2_x_question1_1D (1D): corr = 0.153172
[2017-05-05 03:39:24,248] INFO: IntersectRatio_Unigram_question2_x_question1_1D (1D): corr = 0.343982
[2017-05-05 03:52:50,318] INFO: IntersectRatio_Bigram_question2_x_question1_1D (1D): corr = 0.317086
[2017-05-05 04:06:49,400] INFO: IntersectRatio_Trigram_question2_x_question1_1D (1D): corr = 0.242047
[2017-05-05 04:20:41,940] INFO: CooccurrenceCount_Unigram_question2_x_question1_1D (1D): corr = 0.074756
[2017-05-05 04:35:15,080] INFO: CooccurrenceCount_Bigram_question2_x_question1_1D (1D): corr = 0.186676
[2017-05-05 04:49:54,807] INFO: CooccurrenceCount_Trigram_question2_x_question1_1D (1D): corr = 0.146898
[2017-05-05 05:03:44,519] INFO: CooccurrenceRatio_Unigram_question2_x_question1_1D (1D): corr = 0.308207
[2017-05-05 05:18:19,173] INFO: CooccurrenceRatio_Bigram_question2_x_question1_1D (1D): corr = 0.307879
[2017-05-05 05:32:59,583] INFO: CooccurrenceRatio_Trigram_question2_x_question1_1D (1D): corr = 0.240181
