[2017-05-05 23:47:31,050] INFO: StatCoocNormTF_Unigram_Mean_question1_x_question2_1D (1D): corr = 0.308207
[2017-05-05 23:47:31,180] INFO: StatCoocNormTF_Unigram_Std_question1_x_question2_1D (1D): corr = 0.053123
[2017-05-05 23:47:31,316] INFO: StatCoocNormTF_Unigram_Max_question1_x_question2_1D (1D): corr = 0.085204
[2017-05-05 23:47:31,489] INFO: StatCoocNormTF_Unigram_Min_question1_x_question2_1D (1D): corr = 0.117016
[2017-05-05 23:47:31,673] INFO: StatCoocNormTF_Unigram_Median_question1_x_question2_1D (1D): corr = 0.307928
[2017-05-06 00:06:40,945] INFO: StatCoocNormTF_Bigram_Mean_question1_x_question2_1D (1D): corr = 0.307879
[2017-05-06 00:06:41,112] INFO: StatCoocNormTF_Bigram_Std_question1_x_question2_1D (1D): corr = 0.292858
[2017-05-06 00:06:41,271] INFO: StatCoocNormTF_Bigram_Max_question1_x_question2_1D (1D): corr = 0.272938
[2017-05-06 00:06:41,407] INFO: StatCoocNormTF_Bigram_Min_question1_x_question2_1D (1D): corr = 0.072263
[2017-05-06 00:06:41,552] INFO: StatCoocNormTF_Bigram_Median_question1_x_question2_1D (1D): corr = 0.205611
[2017-05-06 00:26:17,746] INFO: StatCoocNormTF_Trigram_Mean_question1_x_question2_1D (1D): corr = 0.240181
[2017-05-06 00:26:17,890] INFO: StatCoocNormTF_Trigram_Std_question1_x_question2_1D (1D): corr = 0.266213
[2017-05-06 00:26:18,070] INFO: StatCoocNormTF_Trigram_Max_question1_x_question2_1D (1D): corr = 0.273441
[2017-05-06 00:26:18,259] INFO: StatCoocNormTF_Trigram_Min_question1_x_question2_1D (1D): corr = 0.065594
[2017-05-06 00:26:18,409] INFO: StatCoocNormTF_Trigram_Median_question1_x_question2_1D (1D): corr = 0.140502
[2017-05-06 00:45:02,648] INFO: StatCoocNormTF_Unigram_Mean_question2_x_question1_1D (1D): corr = 0.308207
[2017-05-06 00:45:02,804] INFO: StatCoocNormTF_Unigram_Std_question2_x_question1_1D (1D): corr = 0.057997
[2017-05-06 00:45:02,939] INFO: StatCoocNormTF_Unigram_Max_question2_x_question1_1D (1D): corr = 0.086242
[2017-05-06 00:45:03,126] INFO: StatCoocNormTF_Unigram_Min_question2_x_question1_1D (1D): corr = 0.101031
[2017-05-06 00:45:03,276] INFO: StatCoocNormTF_Unigram_Median_question2_x_question1_1D (1D): corr = 0.311911
[2017-05-06 01:04:10,436] INFO: StatCoocNormTF_Bigram_Mean_question2_x_question1_1D (1D): corr = 0.307879
[2017-05-06 01:04:10,554] INFO: StatCoocNormTF_Bigram_Std_question2_x_question1_1D (1D): corr = 0.298983
[2017-05-06 01:04:10,666] INFO: StatCoocNormTF_Bigram_Max_question2_x_question1_1D (1D): corr = 0.277798
[2017-05-06 01:04:10,814] INFO: StatCoocNormTF_Bigram_Min_question2_x_question1_1D (1D): corr = 0.070686
[2017-05-06 01:04:10,971] INFO: StatCoocNormTF_Bigram_Median_question2_x_question1_1D (1D): corr = 0.205647
[2017-05-06 01:23:17,074] INFO: StatCoocNormTF_Trigram_Mean_question2_x_question1_1D (1D): corr = 0.240181
[2017-05-06 01:23:17,285] INFO: StatCoocNormTF_Trigram_Std_question2_x_question1_1D (1D): corr = 0.271507
[2017-05-06 01:23:17,446] INFO: StatCoocNormTF_Trigram_Max_question2_x_question1_1D (1D): corr = 0.277727
[2017-05-06 01:23:17,579] INFO: StatCoocNormTF_Trigram_Min_question2_x_question1_1D (1D): corr = 0.063370
[2017-05-06 01:23:17,808] INFO: StatCoocNormTF_Trigram_Median_question2_x_question1_1D (1D): corr = 0.139585
[2017-05-06 10:03:53,813] INFO: StatCoocTFIDF_Unigram_Mean_question1_x_question2_1D (1D): corr = 0.241867
[2017-05-06 10:03:53,980] INFO: StatCoocTFIDF_Unigram_Std_question1_x_question2_1D (1D): corr = 0.124894
[2017-05-06 10:03:54,193] INFO: StatCoocTFIDF_Unigram_Max_question1_x_question2_1D (1D): corr = 0.056087
[2017-05-06 10:03:54,388] INFO: StatCoocTFIDF_Unigram_Min_question1_x_question2_1D (1D): corr = 0.043521
[2017-05-06 10:03:54,571] INFO: StatCoocTFIDF_Unigram_Median_question1_x_question2_1D (1D): corr = 0.230088
