[2017-05-05 00:17:35,113] INFO: IntersectCount_Unigram_question1_x_question2_1D (1D): corr = 0.143247
[2017-05-05 00:31:42,783] INFO: IntersectCount_Bigram_question1_x_question2_1D (1D): corr = 0.204494
[2017-05-05 00:45:38,547] INFO: IntersectCount_Trigram_question1_x_question2_1D (1D): corr = 0.153375
[2017-05-05 00:56:38,979] INFO: IntersectRatio_Unigram_question1_x_question2_1D (1D): corr = 0.340557
[2017-05-05 01:10:01,850] INFO: IntersectRatio_Bigram_question1_x_question2_1D (1D): corr = 0.319651
[2017-05-05 01:24:00,646] INFO: IntersectRatio_Trigram_question1_x_question2_1D (1D): corr = 0.245448
[2017-05-05 01:37:48,978] INFO: CooccurrenceCount_Unigram_question1_x_question2_1D (1D): corr = 0.074756
[2017-05-05 01:52:20,543] INFO: CooccurrenceCount_Bigram_question1_x_question2_1D (1D): corr = 0.186676
[2017-05-05 02:06:57,514] INFO: CooccurrenceCount_Trigram_question1_x_question2_1D (1D): corr = 0.146898
[2017-05-05 02:20:47,049] INFO: CooccurrenceRatio_Unigram_question1_x_question2_1D (1D): corr = 0.308207
[2017-05-05 02:35:19,855] INFO: CooccurrenceRatio_Bigram_question1_x_question2_1D (1D): corr = 0.307879
[2017-05-05 02:49:59,745] INFO: CooccurrenceRatio_Trigram_question1_x_question2_1D (1D): corr = 0.240181
[2017-05-05 03:01:00,948] INFO: IntersectCount_Unigram_question2_x_question1_1D (1D): corr = 0.135111
[2017-05-05 03:14:25,072] INFO: IntersectCount_Bigram_question2_x_question1_1D (1D): corr = 0.204041
[2017-05-05 03:28:22,225] INFO: IntersectCount_Trigram_question2_x_question1_1D (1D): corr = 0.153172
[2017-05-05 03:39:24,248] INFO: IntersectRatio_Unigram_question2_x_question1_1D (1D): corr = 0.343982
[2017-05-05 03:52:50,318] INFO: IntersectRatio_Bigram_question2_x_question1_1D (1D): corr = 0.317086
[2017-05-05 04:06:49,400] INFO: IntersectRatio_Trigram_question2_x_question1_1D (1D): corr = 0.242047
[2017-05-05 04:20:41,940] INFO: CooccurrenceCount_Unigram_question2_x_question1_1D (1D): corr = 0.074756
[2017-05-05 04:35:15,080] INFO: CooccurrenceCount_Bigram_question2_x_question1_1D (1D): corr = 0.186676
[2017-05-05 04:49:54,807] INFO: CooccurrenceCount_Trigram_question2_x_question1_1D (1D): corr = 0.146898
[2017-05-05 05:03:44,519] INFO: CooccurrenceRatio_Unigram_question2_x_question1_1D (1D): corr = 0.308207
[2017-05-05 05:18:19,173] INFO: CooccurrenceRatio_Bigram_question2_x_question1_1D (1D): corr = 0.307879
[2017-05-05 05:32:59,583] INFO: CooccurrenceRatio_Trigram_question2_x_question1_1D (1D): corr = 0.240181
