[2017-05-05 19:05:01,150] INFO: IntersectPosition_Unigram_Mean_question1_x_question2_1D (1D): corr = -0.208257
[2017-05-05 19:05:01,310] INFO: IntersectPosition_Unigram_Std_question1_x_question2_1D (1D): corr = -0.104822
[2017-05-05 19:05:01,450] INFO: IntersectPosition_Unigram_Max_question1_x_question2_1D (1D): corr = -0.165663
[2017-05-05 19:05:01,654] INFO: IntersectPosition_Unigram_Min_question1_x_question2_1D (1D): corr = -0.195850
[2017-05-05 19:05:01,806] INFO: IntersectPosition_Unigram_Median_question1_x_question2_1D (1D): corr = -0.187250
[2017-05-05 19:10:44,337] INFO: IntersectPosition_Bigram_Mean_question1_x_question2_1D (1D): corr = 0.141644
[2017-05-05 19:10:44,464] INFO: IntersectPosition_Bigram_Std_question1_x_question2_1D (1D): corr = 0.182537
[2017-05-05 19:10:44,656] INFO: IntersectPosition_Bigram_Max_question1_x_question2_1D (1D): corr = 0.179365
[2017-05-05 19:10:44,855] INFO: IntersectPosition_Bigram_Min_question1_x_question2_1D (1D): corr = 0.038653
[2017-05-05 19:10:44,987] INFO: IntersectPosition_Bigram_Median_question1_x_question2_1D (1D): corr = 0.138711
[2017-05-05 19:16:50,241] INFO: IntersectPosition_Trigram_Mean_question1_x_question2_1D (1D): corr = 0.199814
[2017-05-05 19:16:50,377] INFO: IntersectPosition_Trigram_Std_question1_x_question2_1D (1D): corr = 0.139784
[2017-05-05 19:16:50,516] INFO: IntersectPosition_Trigram_Max_question1_x_question2_1D (1D): corr = 0.197602
[2017-05-05 19:16:50,679] INFO: IntersectPosition_Trigram_Min_question1_x_question2_1D (1D): corr = 0.163370
[2017-05-05 19:16:50,836] INFO: IntersectPosition_Trigram_Median_question1_x_question2_1D (1D): corr = 0.197551
[2017-05-05 19:21:36,624] INFO: IntersectNormPosition_Unigram_Mean_question1_x_question2_1D (1D): corr = -0.110101
[2017-05-05 19:21:36,789] INFO: IntersectNormPosition_Unigram_Std_question1_x_question2_1D (1D): corr = 0.089850
[2017-05-05 19:21:36,956] INFO: IntersectNormPosition_Unigram_Max_question1_x_question2_1D (1D): corr = 0.022667
[2017-05-05 19:21:37,115] INFO: IntersectNormPosition_Unigram_Min_question1_x_question2_1D (1D): corr = -0.162373
[2017-05-05 19:21:37,244] INFO: IntersectNormPosition_Unigram_Median_question1_x_question2_1D (1D): corr = -0.069441
[2017-05-05 19:27:22,997] INFO: IntersectNormPosition_Bigram_Mean_question1_x_question2_1D (1D): corr = 0.310591
[2017-05-05 19:27:23,154] INFO: IntersectNormPosition_Bigram_Std_question1_x_question2_1D (1D): corr = 0.309595
[2017-05-05 19:27:23,300] INFO: IntersectNormPosition_Bigram_Max_question1_x_question2_1D (1D): corr = 0.374640
[2017-05-05 19:27:23,429] INFO: IntersectNormPosition_Bigram_Min_question1_x_question2_1D (1D): corr = 0.140937
[2017-05-05 19:27:23,599] INFO: IntersectNormPosition_Bigram_Median_question1_x_question2_1D (1D): corr = 0.302834
[2017-05-05 19:33:33,046] INFO: IntersectNormPosition_Trigram_Mean_question1_x_question2_1D (1D): corr = 0.298781
[2017-05-05 19:33:33,209] INFO: IntersectNormPosition_Trigram_Std_question1_x_question2_1D (1D): corr = 0.209657
[2017-05-05 19:33:33,397] INFO: IntersectNormPosition_Trigram_Max_question1_x_question2_1D (1D): corr = 0.309343
[2017-05-05 19:33:33,535] INFO: IntersectNormPosition_Trigram_Min_question1_x_question2_1D (1D): corr = 0.240974
[2017-05-05 19:33:33,666] INFO: IntersectNormPosition_Trigram_Median_question1_x_question2_1D (1D): corr = 0.296211
[2017-05-05 19:37:51,099] INFO: IntersectPosition_Unigram_Mean_question2_x_question1_1D (1D): corr = -0.211729
[2017-05-05 19:37:51,264] INFO: IntersectPosition_Unigram_Std_question2_x_question1_1D (1D): corr = -0.115211
[2017-05-05 19:37:51,377] INFO: IntersectPosition_Unigram_Max_question2_x_question1_1D (1D): corr = -0.169377
[2017-05-05 19:37:51,491] INFO: IntersectPosition_Unigram_Min_question2_x_question1_1D (1D): corr = -0.199166
[2017-05-05 19:37:51,661] INFO: IntersectPosition_Unigram_Median_question2_x_question1_1D (1D): corr = -0.194093
[2017-05-05 19:43:13,124] INFO: IntersectPosition_Bigram_Mean_question2_x_question1_1D (1D): corr = 0.111538
[2017-05-05 19:43:13,291] INFO: IntersectPosition_Bigram_Std_question2_x_question1_1D (1D): corr = 0.164341
[2017-05-05 19:43:13,452] INFO: IntersectPosition_Bigram_Max_question2_x_question1_1D (1D): corr = 0.149910
[2017-05-05 19:43:13,585] INFO: IntersectPosition_Bigram_Min_question2_x_question1_1D (1D): corr = 0.020084
[2017-05-05 19:43:13,722] INFO: IntersectPosition_Bigram_Median_question2_x_question1_1D (1D): corr = 0.110082
[2017-05-05 19:49:03,917] INFO: IntersectPosition_Trigram_Mean_question2_x_question1_1D (1D): corr = 0.182229
[2017-05-05 19:49:04,027] INFO: IntersectPosition_Trigram_Std_question2_x_question1_1D (1D): corr = 0.136506
[2017-05-05 19:49:04,160] INFO: IntersectPosition_Trigram_Max_question2_x_question1_1D (1D): corr = 0.184471
[2017-05-05 19:49:04,284] INFO: IntersectPosition_Trigram_Min_question2_x_question1_1D (1D): corr = 0.145015
[2017-05-05 19:49:04,424] INFO: IntersectPosition_Trigram_Median_question2_x_question1_1D (1D): corr = 0.180443
[2017-05-05 19:53:50,119] INFO: IntersectNormPosition_Unigram_Mean_question2_x_question1_1D (1D): corr = -0.117386
[2017-05-05 19:53:50,259] INFO: IntersectNormPosition_Unigram_Std_question2_x_question1_1D (1D): corr = 0.094875
[2017-05-05 19:53:50,385] INFO: IntersectNormPosition_Unigram_Max_question2_x_question1_1D (1D): corr = 0.024864
[2017-05-05 19:53:50,509] INFO: IntersectNormPosition_Unigram_Min_question2_x_question1_1D (1D): corr = -0.166398
[2017-05-05 19:53:50,694] INFO: IntersectNormPosition_Unigram_Median_question2_x_question1_1D (1D): corr = -0.078399
[2017-05-05 20:00:06,217] INFO: IntersectNormPosition_Bigram_Mean_question2_x_question1_1D (1D): corr = 0.306077
[2017-05-05 20:00:06,366] INFO: IntersectNormPosition_Bigram_Std_question2_x_question1_1D (1D): corr = 0.310062
[2017-05-05 20:00:06,515] INFO: IntersectNormPosition_Bigram_Max_question2_x_question1_1D (1D): corr = 0.371477
[2017-05-05 20:00:06,651] INFO: IntersectNormPosition_Bigram_Min_question2_x_question1_1D (1D): corr = 0.136167
[2017-05-05 20:00:06,848] INFO: IntersectNormPosition_Bigram_Median_question2_x_question1_1D (1D): corr = 0.298744
[2017-05-05 20:06:37,554] INFO: IntersectNormPosition_Trigram_Mean_question2_x_question1_1D (1D): corr = 0.296406
[2017-05-05 20:06:37,712] INFO: IntersectNormPosition_Trigram_Std_question2_x_question1_1D (1D): corr = 0.208745
[2017-05-05 20:06:37,880] INFO: IntersectNormPosition_Trigram_Max_question2_x_question1_1D (1D): corr = 0.307014
[2017-05-05 20:06:38,058] INFO: IntersectNormPosition_Trigram_Min_question2_x_question1_1D (1D): corr = 0.238543
[2017-05-05 20:06:38,214] INFO: IntersectNormPosition_Trigram_Median_question2_x_question1_1D (1D): corr = 0.294053
[2017-05-05 20:55:03,773] INFO: MatchQueryCount_question1_x_question2_1D (1D): corr = 0.072808
[2017-05-05 20:55:13,790] INFO: MatchQueryRatio_question1_x_question2_1D (1D): corr = 0.060143
[2017-05-05 21:01:18,479] INFO: LongestMatchSize_question1_x_question2_1D (1D): corr = 0.191153
[2017-05-05 21:06:55,048] INFO: LongestMatchRatio_question1_x_question2_1D (1D): corr = 0.187192
[2017-05-05 21:06:58,542] INFO: MatchQueryCount_question2_x_question1_1D (1D): corr = 0.075180
[2017-05-05 21:07:08,134] INFO: MatchQueryRatio_question2_x_question1_1D (1D): corr = 0.062605
[2017-05-05 21:12:32,683] INFO: LongestMatchSize_question2_x_question1_1D (1D): corr = 0.188092
[2017-05-05 21:18:23,409] INFO: LongestMatchRatio_question2_x_question1_1D (1D): corr = 0.186558
[2017-05-05 21:24:20,524] ERROR: Internal Python error in the inspect module.
Below is the traceback from this internal error.

[2017-05-05 21:24:20,532] INFO: 
Unfortunately, your original traceback can not be constructed.

[2017-05-05 21:44:14,203] INFO: StatCoocTF_Unigram_Mean_question1_x_question2_1D (1D): corr = 0.273049
[2017-05-05 21:44:14,350] INFO: StatCoocTF_Unigram_Std_question1_x_question2_1D (1D): corr = -0.099888
[2017-05-05 21:44:14,496] INFO: StatCoocTF_Unigram_Max_question1_x_question2_1D (1D): corr = -0.077051
[2017-05-05 21:44:14,641] INFO: StatCoocTF_Unigram_Min_question1_x_question2_1D (1D): corr = 0.131193
[2017-05-05 21:44:14,793] INFO: StatCoocTF_Unigram_Median_question1_x_question2_1D (1D): corr = 0.321793
[2017-05-05 22:03:45,345] INFO: StatCoocTF_Bigram_Mean_question1_x_question2_1D (1D): corr = 0.312699
[2017-05-05 22:03:45,478] INFO: StatCoocTF_Bigram_Std_question1_x_question2_1D (1D): corr = 0.330142
[2017-05-05 22:03:45,610] INFO: StatCoocTF_Bigram_Max_question1_x_question2_1D (1D): corr = 0.253465
[2017-05-05 22:03:45,746] INFO: StatCoocTF_Bigram_Min_question1_x_question2_1D (1D): corr = 0.086673
[2017-05-05 22:03:45,894] INFO: StatCoocTF_Bigram_Median_question1_x_question2_1D (1D): corr = 0.204273
[2017-05-05 22:23:51,544] INFO: StatCoocTF_Trigram_Mean_question1_x_question2_1D (1D): corr = 0.243292
[2017-05-05 22:23:51,653] INFO: StatCoocTF_Trigram_Std_question1_x_question2_1D (1D): corr = 0.298906
[2017-05-05 22:23:51,822] INFO: StatCoocTF_Trigram_Max_question1_x_question2_1D (1D): corr = 0.284471
[2017-05-05 22:23:51,981] INFO: StatCoocTF_Trigram_Min_question1_x_question2_1D (1D): corr = 0.078308
[2017-05-05 22:23:52,148] INFO: StatCoocTF_Trigram_Median_question1_x_question2_1D (1D): corr = 0.130695
[2017-05-05 22:45:28,856] INFO: StatCoocTF_Unigram_Mean_question2_x_question1_1D (1D): corr = 0.284813
[2017-05-05 22:45:29,005] INFO: StatCoocTF_Unigram_Std_question2_x_question1_1D (1D): corr = -0.088395
[2017-05-05 22:45:29,170] INFO: StatCoocTF_Unigram_Max_question2_x_question1_1D (1D): corr = -0.065438
[2017-05-05 22:45:29,315] INFO: StatCoocTF_Unigram_Min_question2_x_question1_1D (1D): corr = 0.114192
[2017-05-05 22:45:29,434] INFO: StatCoocTF_Unigram_Median_question2_x_question1_1D (1D): corr = 0.334340
[2017-05-05 23:04:31,731] INFO: StatCoocTF_Bigram_Mean_question2_x_question1_1D (1D): corr = 0.310494
[2017-05-05 23:04:31,840] INFO: StatCoocTF_Bigram_Std_question2_x_question1_1D (1D): corr = 0.335223
[2017-05-05 23:04:31,945] INFO: StatCoocTF_Bigram_Max_question2_x_question1_1D (1D): corr = 0.255570
[2017-05-05 23:04:32,049] INFO: StatCoocTF_Bigram_Min_question2_x_question1_1D (1D): corr = 0.083274
[2017-05-05 23:04:32,228] INFO: StatCoocTF_Bigram_Median_question2_x_question1_1D (1D): corr = 0.202528
[2017-05-05 23:25:35,817] INFO: StatCoocTF_Trigram_Mean_question2_x_question1_1D (1D): corr = 0.239980
[2017-05-05 23:25:35,966] INFO: StatCoocTF_Trigram_Std_question2_x_question1_1D (1D): corr = 0.301608
[2017-05-05 23:25:36,121] INFO: StatCoocTF_Trigram_Max_question2_x_question1_1D (1D): corr = 0.285043
[2017-05-05 23:25:36,303] INFO: StatCoocTF_Trigram_Min_question2_x_question1_1D (1D): corr = 0.073047
[2017-05-05 23:25:36,475] INFO: StatCoocTF_Trigram_Median_question2_x_question1_1D (1D): corr = 0.128232
[2017-05-05 23:47:31,050] INFO: StatCoocNormTF_Unigram_Mean_question1_x_question2_1D (1D): corr = 0.308207
[2017-05-05 23:47:31,180] INFO: StatCoocNormTF_Unigram_Std_question1_x_question2_1D (1D): corr = 0.053123
[2017-05-05 23:47:31,316] INFO: StatCoocNormTF_Unigram_Max_question1_x_question2_1D (1D): corr = 0.085204
[2017-05-05 23:47:31,489] INFO: StatCoocNormTF_Unigram_Min_question1_x_question2_1D (1D): corr = 0.117016
[2017-05-05 23:47:31,673] INFO: StatCoocNormTF_Unigram_Median_question1_x_question2_1D (1D): corr = 0.307928
[2017-05-06 00:06:40,945] INFO: StatCoocNormTF_Bigram_Mean_question1_x_question2_1D (1D): corr = 0.307879
[2017-05-06 00:06:41,112] INFO: StatCoocNormTF_Bigram_Std_question1_x_question2_1D (1D): corr = 0.292858
[2017-05-06 00:06:41,271] INFO: StatCoocNormTF_Bigram_Max_question1_x_question2_1D (1D): corr = 0.272938
[2017-05-06 00:06:41,407] INFO: StatCoocNormTF_Bigram_Min_question1_x_question2_1D (1D): corr = 0.072263
[2017-05-06 00:06:41,552] INFO: StatCoocNormTF_Bigram_Median_question1_x_question2_1D (1D): corr = 0.205611
[2017-05-06 00:26:17,746] INFO: StatCoocNormTF_Trigram_Mean_question1_x_question2_1D (1D): corr = 0.240181
[2017-05-06 00:26:17,890] INFO: StatCoocNormTF_Trigram_Std_question1_x_question2_1D (1D): corr = 0.266213
[2017-05-06 00:26:18,070] INFO: StatCoocNormTF_Trigram_Max_question1_x_question2_1D (1D): corr = 0.273441
[2017-05-06 00:26:18,259] INFO: StatCoocNormTF_Trigram_Min_question1_x_question2_1D (1D): corr = 0.065594
[2017-05-06 00:26:18,409] INFO: StatCoocNormTF_Trigram_Median_question1_x_question2_1D (1D): corr = 0.140502
[2017-05-06 00:45:02,648] INFO: StatCoocNormTF_Unigram_Mean_question2_x_question1_1D (1D): corr = 0.308207
[2017-05-06 00:45:02,804] INFO: StatCoocNormTF_Unigram_Std_question2_x_question1_1D (1D): corr = 0.057997
[2017-05-06 00:45:02,939] INFO: StatCoocNormTF_Unigram_Max_question2_x_question1_1D (1D): corr = 0.086242
[2017-05-06 00:45:03,126] INFO: StatCoocNormTF_Unigram_Min_question2_x_question1_1D (1D): corr = 0.101031
[2017-05-06 00:45:03,276] INFO: StatCoocNormTF_Unigram_Median_question2_x_question1_1D (1D): corr = 0.311911
[2017-05-06 01:04:10,436] INFO: StatCoocNormTF_Bigram_Mean_question2_x_question1_1D (1D): corr = 0.307879
[2017-05-06 01:04:10,554] INFO: StatCoocNormTF_Bigram_Std_question2_x_question1_1D (1D): corr = 0.298983
[2017-05-06 01:04:10,666] INFO: StatCoocNormTF_Bigram_Max_question2_x_question1_1D (1D): corr = 0.277798
[2017-05-06 01:04:10,814] INFO: StatCoocNormTF_Bigram_Min_question2_x_question1_1D (1D): corr = 0.070686
[2017-05-06 01:04:10,971] INFO: StatCoocNormTF_Bigram_Median_question2_x_question1_1D (1D): corr = 0.205647
[2017-05-06 01:23:17,074] INFO: StatCoocNormTF_Trigram_Mean_question2_x_question1_1D (1D): corr = 0.240181
[2017-05-06 01:23:17,285] INFO: StatCoocNormTF_Trigram_Std_question2_x_question1_1D (1D): corr = 0.271507
[2017-05-06 01:23:17,446] INFO: StatCoocNormTF_Trigram_Max_question2_x_question1_1D (1D): corr = 0.277727
[2017-05-06 01:23:17,579] INFO: StatCoocNormTF_Trigram_Min_question2_x_question1_1D (1D): corr = 0.063370
[2017-05-06 01:23:17,808] INFO: StatCoocNormTF_Trigram_Median_question2_x_question1_1D (1D): corr = 0.139585
[2017-05-06 10:03:53,813] INFO: StatCoocTFIDF_Unigram_Mean_question1_x_question2_1D (1D): corr = 0.241867
[2017-05-06 10:03:53,980] INFO: StatCoocTFIDF_Unigram_Std_question1_x_question2_1D (1D): corr = 0.124894
[2017-05-06 10:03:54,193] INFO: StatCoocTFIDF_Unigram_Max_question1_x_question2_1D (1D): corr = 0.056087
[2017-05-06 10:03:54,388] INFO: StatCoocTFIDF_Unigram_Min_question1_x_question2_1D (1D): corr = 0.043521
[2017-05-06 10:03:54,571] INFO: StatCoocTFIDF_Unigram_Median_question1_x_question2_1D (1D): corr = 0.230088
