[2017-05-06 12:03:05,810] INFO: StatCoocTFIDF_Unigram_Mean_question1_x_question2_1D (1D): corr = 0.241867
[2017-05-06 12:03:06,013] INFO: StatCoocTFIDF_Unigram_Std_question1_x_question2_1D (1D): corr = 0.124894
[2017-05-06 12:03:06,240] INFO: StatCoocTFIDF_Unigram_Max_question1_x_question2_1D (1D): corr = 0.056087
[2017-05-06 12:03:06,452] INFO: StatCoocTFIDF_Unigram_Min_question1_x_question2_1D (1D): corr = 0.043521
[2017-05-06 12:03:06,615] INFO: StatCoocTFIDF_Unigram_Median_question1_x_question2_1D (1D): corr = 0.230088
[2017-05-06 13:02:11,011] INFO: StatCoocTFIDF_Bigram_Mean_question1_x_question2_1D (1D): corr = 0.299231
[2017-05-06 13:02:11,211] INFO: StatCoocTFIDF_Bigram_Std_question1_x_question2_1D (1D): corr = 0.303931
[2017-05-06 13:02:11,377] INFO: StatCoocTFIDF_Bigram_Max_question1_x_question2_1D (1D): corr = 0.257665
[2017-05-06 13:02:11,546] INFO: StatCoocTFIDF_Bigram_Min_question1_x_question2_1D (1D): corr = 0.077509
[2017-05-06 13:02:11,714] INFO: StatCoocTFIDF_Bigram_Median_question1_x_question2_1D (1D): corr = 0.183666
[2017-05-06 20:13:29,057] INFO: StatCoocTFIDF_Trigram_Mean_question1_x_question2_1D (1D): corr = 0.243095
[2017-05-06 20:13:39,865] INFO: StatCoocTFIDF_Trigram_Std_question1_x_question2_1D (1D): corr = 0.286426
[2017-05-06 20:13:40,660] INFO: StatCoocTFIDF_Trigram_Max_question1_x_question2_1D (1D): corr = 0.273254
[2017-05-06 20:13:41,688] INFO: StatCoocTFIDF_Trigram_Min_question1_x_question2_1D (1D): corr = 0.071337
[2017-05-06 20:13:42,379] INFO: StatCoocTFIDF_Trigram_Median_question1_x_question2_1D (1D): corr = 0.134383
[2017-05-07 01:34:09,039] INFO: StatCoocTFIDF_Unigram_Mean_question2_x_question1_1D (1D): corr = 0.248567
[2017-05-07 01:34:09,562] INFO: StatCoocTFIDF_Unigram_Std_question2_x_question1_1D (1D): corr = 0.127648
[2017-05-07 01:34:09,828] INFO: StatCoocTFIDF_Unigram_Max_question2_x_question1_1D (1D): corr = 0.054466
[2017-05-07 01:34:10,107] INFO: StatCoocTFIDF_Unigram_Min_question2_x_question1_1D (1D): corr = 0.030767
[2017-05-07 01:34:10,488] INFO: StatCoocTFIDF_Unigram_Median_question2_x_question1_1D (1D): corr = 0.239874
[2017-05-07 02:33:31,559] INFO: StatCoocTFIDF_Bigram_Mean_question2_x_question1_1D (1D): corr = 0.296988
[2017-05-07 02:33:32,446] INFO: StatCoocTFIDF_Bigram_Std_question2_x_question1_1D (1D): corr = 0.305855
[2017-05-07 02:33:32,792] INFO: StatCoocTFIDF_Bigram_Max_question2_x_question1_1D (1D): corr = 0.257652
[2017-05-07 02:33:33,189] INFO: StatCoocTFIDF_Bigram_Min_question2_x_question1_1D (1D): corr = 0.076452
[2017-05-07 02:33:33,595] INFO: StatCoocTFIDF_Bigram_Median_question2_x_question1_1D (1D): corr = 0.180347
[2017-05-07 03:57:20,189] INFO: StatCoocTFIDF_Trigram_Mean_question2_x_question1_1D (1D): corr = 0.240124
[2017-05-07 03:57:20,851] INFO: StatCoocTFIDF_Trigram_Std_question2_x_question1_1D (1D): corr = 0.288095
[2017-05-07 03:57:21,214] INFO: StatCoocTFIDF_Trigram_Max_question2_x_question1_1D (1D): corr = 0.273860
[2017-05-07 03:57:21,761] INFO: StatCoocTFIDF_Trigram_Min_question2_x_question1_1D (1D): corr = 0.069660
[2017-05-07 03:57:22,169] INFO: StatCoocTFIDF_Trigram_Median_question2_x_question1_1D (1D): corr = 0.130130
