[2017-05-05 21:44:14,203] INFO: StatCoocTF_Unigram_Mean_question1_x_question2_1D (1D): corr = 0.273049
[2017-05-05 21:44:14,350] INFO: StatCoocTF_Unigram_Std_question1_x_question2_1D (1D): corr = -0.099888
[2017-05-05 21:44:14,496] INFO: StatCoocTF_Unigram_Max_question1_x_question2_1D (1D): corr = -0.077051
[2017-05-05 21:44:14,641] INFO: StatCoocTF_Unigram_Min_question1_x_question2_1D (1D): corr = 0.131193
[2017-05-05 21:44:14,793] INFO: StatCoocTF_Unigram_Median_question1_x_question2_1D (1D): corr = 0.321793
[2017-05-05 22:03:45,345] INFO: StatCoocTF_Bigram_Mean_question1_x_question2_1D (1D): corr = 0.312699
[2017-05-05 22:03:45,478] INFO: StatCoocTF_Bigram_Std_question1_x_question2_1D (1D): corr = 0.330142
[2017-05-05 22:03:45,610] INFO: StatCoocTF_Bigram_Max_question1_x_question2_1D (1D): corr = 0.253465
[2017-05-05 22:03:45,746] INFO: StatCoocTF_Bigram_Min_question1_x_question2_1D (1D): corr = 0.086673
[2017-05-05 22:03:45,894] INFO: StatCoocTF_Bigram_Median_question1_x_question2_1D (1D): corr = 0.204273
[2017-05-05 22:23:51,544] INFO: StatCoocTF_Trigram_Mean_question1_x_question2_1D (1D): corr = 0.243292
[2017-05-05 22:23:51,653] INFO: StatCoocTF_Trigram_Std_question1_x_question2_1D (1D): corr = 0.298906
[2017-05-05 22:23:51,822] INFO: StatCoocTF_Trigram_Max_question1_x_question2_1D (1D): corr = 0.284471
[2017-05-05 22:23:51,981] INFO: StatCoocTF_Trigram_Min_question1_x_question2_1D (1D): corr = 0.078308
[2017-05-05 22:23:52,148] INFO: StatCoocTF_Trigram_Median_question1_x_question2_1D (1D): corr = 0.130695
[2017-05-05 22:45:28,856] INFO: StatCoocTF_Unigram_Mean_question2_x_question1_1D (1D): corr = 0.284813
[2017-05-05 22:45:29,005] INFO: StatCoocTF_Unigram_Std_question2_x_question1_1D (1D): corr = -0.088395
[2017-05-05 22:45:29,170] INFO: StatCoocTF_Unigram_Max_question2_x_question1_1D (1D): corr = -0.065438
[2017-05-05 22:45:29,315] INFO: StatCoocTF_Unigram_Min_question2_x_question1_1D (1D): corr = 0.114192
[2017-05-05 22:45:29,434] INFO: StatCoocTF_Unigram_Median_question2_x_question1_1D (1D): corr = 0.334340
[2017-05-05 23:04:31,731] INFO: StatCoocTF_Bigram_Mean_question2_x_question1_1D (1D): corr = 0.310494
[2017-05-05 23:04:31,840] INFO: StatCoocTF_Bigram_Std_question2_x_question1_1D (1D): corr = 0.335223
[2017-05-05 23:04:31,945] INFO: StatCoocTF_Bigram_Max_question2_x_question1_1D (1D): corr = 0.255570
[2017-05-05 23:04:32,049] INFO: StatCoocTF_Bigram_Min_question2_x_question1_1D (1D): corr = 0.083274
[2017-05-05 23:04:32,228] INFO: StatCoocTF_Bigram_Median_question2_x_question1_1D (1D): corr = 0.202528
[2017-05-05 23:25:35,817] INFO: StatCoocTF_Trigram_Mean_question2_x_question1_1D (1D): corr = 0.239980
[2017-05-05 23:25:35,966] INFO: StatCoocTF_Trigram_Std_question2_x_question1_1D (1D): corr = 0.301608
[2017-05-05 23:25:36,121] INFO: StatCoocTF_Trigram_Max_question2_x_question1_1D (1D): corr = 0.285043
[2017-05-05 23:25:36,303] INFO: StatCoocTF_Trigram_Min_question2_x_question1_1D (1D): corr = 0.073047
[2017-05-05 23:25:36,475] INFO: StatCoocTF_Trigram_Median_question2_x_question1_1D (1D): corr = 0.128232
[2017-05-05 23:47:31,050] INFO: StatCoocNormTF_Unigram_Mean_question1_x_question2_1D (1D): corr = 0.308207
[2017-05-05 23:47:31,180] INFO: StatCoocNormTF_Unigram_Std_question1_x_question2_1D (1D): corr = 0.053123
[2017-05-05 23:47:31,316] INFO: StatCoocNormTF_Unigram_Max_question1_x_question2_1D (1D): corr = 0.085204
[2017-05-05 23:47:31,489] INFO: StatCoocNormTF_Unigram_Min_question1_x_question2_1D (1D): corr = 0.117016
[2017-05-05 23:47:31,673] INFO: StatCoocNormTF_Unigram_Median_question1_x_question2_1D (1D): corr = 0.307928
[2017-05-06 00:06:40,945] INFO: StatCoocNormTF_Bigram_Mean_question1_x_question2_1D (1D): corr = 0.307879
[2017-05-06 00:06:41,112] INFO: StatCoocNormTF_Bigram_Std_question1_x_question2_1D (1D): corr = 0.292858
[2017-05-06 00:06:41,271] INFO: StatCoocNormTF_Bigram_Max_question1_x_question2_1D (1D): corr = 0.272938
[2017-05-06 00:06:41,407] INFO: StatCoocNormTF_Bigram_Min_question1_x_question2_1D (1D): corr = 0.072263
[2017-05-06 00:06:41,552] INFO: StatCoocNormTF_Bigram_Median_question1_x_question2_1D (1D): corr = 0.205611
[2017-05-06 00:26:17,746] INFO: StatCoocNormTF_Trigram_Mean_question1_x_question2_1D (1D): corr = 0.240181
[2017-05-06 00:26:17,890] INFO: StatCoocNormTF_Trigram_Std_question1_x_question2_1D (1D): corr = 0.266213
[2017-05-06 00:26:18,070] INFO: StatCoocNormTF_Trigram_Max_question1_x_question2_1D (1D): corr = 0.273441
[2017-05-06 00:26:18,259] INFO: StatCoocNormTF_Trigram_Min_question1_x_question2_1D (1D): corr = 0.065594
[2017-05-06 00:26:18,409] INFO: StatCoocNormTF_Trigram_Median_question1_x_question2_1D (1D): corr = 0.140502
[2017-05-06 00:45:02,648] INFO: StatCoocNormTF_Unigram_Mean_question2_x_question1_1D (1D): corr = 0.308207
[2017-05-06 00:45:02,804] INFO: StatCoocNormTF_Unigram_Std_question2_x_question1_1D (1D): corr = 0.057997
[2017-05-06 00:45:02,939] INFO: StatCoocNormTF_Unigram_Max_question2_x_question1_1D (1D): corr = 0.086242
[2017-05-06 00:45:03,126] INFO: StatCoocNormTF_Unigram_Min_question2_x_question1_1D (1D): corr = 0.101031
[2017-05-06 00:45:03,276] INFO: StatCoocNormTF_Unigram_Median_question2_x_question1_1D (1D): corr = 0.311911
[2017-05-06 01:04:10,436] INFO: StatCoocNormTF_Bigram_Mean_question2_x_question1_1D (1D): corr = 0.307879
[2017-05-06 01:04:10,554] INFO: StatCoocNormTF_Bigram_Std_question2_x_question1_1D (1D): corr = 0.298983
[2017-05-06 01:04:10,666] INFO: StatCoocNormTF_Bigram_Max_question2_x_question1_1D (1D): corr = 0.277798
[2017-05-06 01:04:10,814] INFO: StatCoocNormTF_Bigram_Min_question2_x_question1_1D (1D): corr = 0.070686
[2017-05-06 01:04:10,971] INFO: StatCoocNormTF_Bigram_Median_question2_x_question1_1D (1D): corr = 0.205647
[2017-05-06 01:23:17,074] INFO: StatCoocNormTF_Trigram_Mean_question2_x_question1_1D (1D): corr = 0.240181
[2017-05-06 01:23:17,285] INFO: StatCoocNormTF_Trigram_Std_question2_x_question1_1D (1D): corr = 0.271507
[2017-05-06 01:23:17,446] INFO: StatCoocNormTF_Trigram_Max_question2_x_question1_1D (1D): corr = 0.277727
[2017-05-06 01:23:17,579] INFO: StatCoocNormTF_Trigram_Min_question2_x_question1_1D (1D): corr = 0.063370
[2017-05-06 01:23:17,808] INFO: StatCoocNormTF_Trigram_Median_question2_x_question1_1D (1D): corr = 0.139585
[2017-05-06 10:03:53,813] INFO: StatCoocTFIDF_Unigram_Mean_question1_x_question2_1D (1D): corr = 0.241867
[2017-05-06 10:03:53,980] INFO: StatCoocTFIDF_Unigram_Std_question1_x_question2_1D (1D): corr = 0.124894
[2017-05-06 10:03:54,193] INFO: StatCoocTFIDF_Unigram_Max_question1_x_question2_1D (1D): corr = 0.056087
[2017-05-06 10:03:54,388] INFO: StatCoocTFIDF_Unigram_Min_question1_x_question2_1D (1D): corr = 0.043521
[2017-05-06 10:03:54,571] INFO: StatCoocTFIDF_Unigram_Median_question1_x_question2_1D (1D): corr = 0.230088
