[2017-05-06 12:05:17,706] INFO: StatCoocBM25_Unigram_Mean_question1_x_question2_1D (1D): corr = 0.318245
[2017-05-06 12:05:18,429] INFO: StatCoocBM25_Unigram_Std_question1_x_question2_1D (1D): corr = 0.219125
[2017-05-06 12:05:18,887] INFO: StatCoocBM25_Unigram_Max_question1_x_question2_1D (1D): corr = 0.159351
[2017-05-06 12:05:19,394] INFO: StatCoocBM25_Unigram_Min_question1_x_question2_1D (1D): corr = -0.136636
[2017-05-06 12:05:19,646] INFO: StatCoocBM25_Unigram_Median_question1_x_question2_1D (1D): corr = 0.260135
[2017-05-06 13:07:29,827] INFO: StatCoocBM25_Bigram_Mean_question1_x_question2_1D (1D): corr = 0.318687
[2017-05-06 13:07:30,404] INFO: StatCoocBM25_Bigram_Std_question1_x_question2_1D (1D): corr = 0.323954
[2017-05-06 13:07:30,662] INFO: StatCoocBM25_Bigram_Max_question1_x_question2_1D (1D): corr = 0.304230
[2017-05-06 13:07:31,022] INFO: StatCoocBM25_Bigram_Min_question1_x_question2_1D (1D): corr = 0.074030
[2017-05-06 13:07:31,290] INFO: StatCoocBM25_Bigram_Median_question1_x_question2_1D (1D): corr = 0.195203
[2017-05-06 20:55:53,527] INFO: StatCoocBM25_Trigram_Mean_question1_x_question2_1D (1D): corr = 0.253734
[2017-05-06 20:55:55,558] INFO: StatCoocBM25_Trigram_Std_question1_x_question2_1D (1D): corr = 0.291711
[2017-05-06 20:55:55,938] INFO: StatCoocBM25_Trigram_Max_question1_x_question2_1D (1D): corr = 0.292976
[2017-05-06 20:55:56,768] INFO: StatCoocBM25_Trigram_Min_question1_x_question2_1D (1D): corr = 0.066812
[2017-05-06 20:55:57,090] INFO: StatCoocBM25_Trigram_Median_question1_x_question2_1D (1D): corr = 0.143301
[2017-05-07 06:46:18,486] INFO: StatCoocBM25_Unigram_Mean_question2_x_question1_1D (1D): corr = 0.319216
[2017-05-07 06:46:18,760] INFO: StatCoocBM25_Unigram_Std_question2_x_question1_1D (1D): corr = 0.216773
[2017-05-07 06:46:18,975] INFO: StatCoocBM25_Unigram_Max_question2_x_question1_1D (1D): corr = 0.155971
[2017-05-07 06:46:19,187] INFO: StatCoocBM25_Unigram_Min_question2_x_question1_1D (1D): corr = -0.139037
[2017-05-07 06:46:19,412] INFO: StatCoocBM25_Unigram_Median_question2_x_question1_1D (1D): corr = 0.264182
[2017-05-07 07:25:18,238] INFO: StatCoocBM25_Bigram_Mean_question2_x_question1_1D (1D): corr = 0.316268
[2017-05-07 07:25:18,733] INFO: StatCoocBM25_Bigram_Std_question2_x_question1_1D (1D): corr = 0.325536
[2017-05-07 07:25:18,930] INFO: StatCoocBM25_Bigram_Max_question2_x_question1_1D (1D): corr = 0.304274
[2017-05-07 07:25:19,124] INFO: StatCoocBM25_Bigram_Min_question2_x_question1_1D (1D): corr = 0.073585
[2017-05-07 07:25:19,305] INFO: StatCoocBM25_Bigram_Median_question2_x_question1_1D (1D): corr = 0.192017
[2017-05-07 08:56:02,263] INFO: StatCoocBM25_Trigram_Mean_question2_x_question1_1D (1D): corr = 0.251463
[2017-05-07 08:56:02,909] INFO: StatCoocBM25_Trigram_Std_question2_x_question1_1D (1D): corr = 0.293783
[2017-05-07 08:56:03,282] INFO: StatCoocBM25_Trigram_Max_question2_x_question1_1D (1D): corr = 0.294364
[2017-05-07 08:56:03,620] INFO: StatCoocBM25_Trigram_Min_question2_x_question1_1D (1D): corr = 0.066033
[2017-05-07 08:56:03,917] INFO: StatCoocBM25_Trigram_Median_question2_x_question1_1D (1D): corr = 0.139180
