[2017-05-09 00:16:55,170] INFO: tpe_transform took 0.005529 seconds
[2017-05-09 00:16:55,172] INFO: TPE using 0 trials
[2017-05-09 00:16:55,178] INFO: ==================================================
[2017-05-09 00:16:55,179] INFO: Task
[2017-05-09 00:16:55,179] INFO:       [Feat@basic_linear]_[Learner@reg_skl_knn]_[Id@1]
[2017-05-09 00:16:55,179] INFO: Param
[2017-05-09 00:16:55,179] INFO:       leaf_size: 20
[2017-05-09 00:16:55,179] INFO:       metric: minkowski
[2017-05-09 00:16:55,180] INFO:       n_neighbors: 12
[2017-05-09 00:16:55,180] INFO:       normalize: False
[2017-05-09 00:16:55,180] INFO:       weights: distance
[2017-05-09 00:16:55,180] INFO: Result
[2017-05-09 00:16:55,180] INFO:       Run      RMSE        Shape
[2017-05-09 00:25:16,540] INFO:         1     0.79423    323431 x 84
[2017-05-09 00:33:49,408] INFO:         2     0.79423    323431 x 84
[2017-05-09 00:42:17,080] INFO:         3    0.794227    323432 x 84
[2017-05-09 00:51:05,392] INFO:         4    0.794232    323433 x 84
[2017-05-09 00:59:44,488] INFO:         5    0.794232    323433 x 84
[2017-05-09 00:59:44,699] INFO: RMSE
[2017-05-09 00:59:44,699] INFO:       Mean: 0.794231
[2017-05-09 00:59:44,699] INFO:       Std: 0.000002
[2017-05-09 00:59:44,700] INFO: Time
[2017-05-09 00:59:44,700] INFO:       42 mins
[2017-05-09 00:59:44,700] INFO: --------------------------------------------------
[2017-05-09 04:08:19,657] INFO: tpe_transform took 0.022801 seconds
[2017-05-09 04:08:19,663] INFO: TPE using 1/1 trials with best loss 0.794231
[2017-05-09 04:08:19,716] INFO: ==================================================
[2017-05-09 04:08:19,717] INFO: Task
[2017-05-09 04:08:19,717] INFO:       [Feat@basic_linear]_[Learner@reg_skl_knn]_[Id@2]
[2017-05-09 04:08:19,717] INFO: Param
[2017-05-09 04:08:19,717] INFO:       leaf_size: 80
[2017-05-09 04:08:19,717] INFO:       metric: minkowski
[2017-05-09 04:08:19,717] INFO:       n_neighbors: 18
[2017-05-09 04:08:19,718] INFO:       normalize: False
[2017-05-09 04:08:19,718] INFO:       weights: uniform
[2017-05-09 04:08:19,718] INFO: Result
[2017-05-09 04:08:19,718] INFO:       Run      RMSE        Shape
[2017-05-09 04:21:59,775] INFO:         1     0.79423    323431 x 84
[2017-05-09 04:35:41,232] INFO:         2     0.79423    323431 x 84
[2017-05-09 04:49:26,694] INFO:         3    0.794227    323432 x 84
[2017-05-09 05:02:24,652] INFO:         4    0.794232    323433 x 84
[2017-05-09 05:16:03,799] INFO:         5    0.794232    323433 x 84
[2017-05-09 05:16:03,984] INFO: RMSE
[2017-05-09 05:16:03,984] INFO:       Mean: 0.794231
[2017-05-09 05:16:03,984] INFO:       Std: 0.000002
[2017-05-09 05:16:03,985] INFO: Time
[2017-05-09 05:16:03,985] INFO:       67 mins
[2017-05-09 05:16:03,985] INFO: --------------------------------------------------
