[2017-05-08 00:02:03,653] INFO: Run for basic...
[2017-05-08 00:02:03,814] INFO: Combine   1/218 feat: CooccurrenceCount_Bigram_question1_x_question2_1D (1D) (corr = 0.3167326462322128)
[2017-05-08 00:02:03,965] INFO: Combine   2/218 feat: CooccurrenceCount_Bigram_question2_x_question1_1D (1D) (corr = 0.3167326462322128)
[2017-05-08 00:02:04,116] INFO: Combine   3/218 feat: CooccurrenceCount_Trigram_question1_x_question2_1D (1D) (corr = 0.2595419614146898)
[2017-05-08 00:02:04,277] INFO: Combine   4/218 feat: CooccurrenceCount_Trigram_question2_x_question1_1D (1D) (corr = 0.2595419614146898)
[2017-05-08 00:02:04,427] INFO: Combine   5/218 feat: CooccurrenceCount_Unigram_question1_x_question2_1D (1D) (corr = 0.16810638479823461)
[2017-05-08 00:02:04,586] INFO: Combine   6/218 feat: CooccurrenceCount_Unigram_question2_x_question1_1D (1D) (corr = 0.16810638479823461)
[2017-05-08 00:02:04,689] INFO: Combine   7/218 feat: CooccurrenceRatio_Bigram_question1_x_question2_1D (1D) (corr = 0.307879203828915)
[2017-05-08 00:02:04,801] INFO: Combine   8/218 feat: CooccurrenceRatio_Bigram_question2_x_question1_1D (1D) (corr = 0.307879203828915)
[2017-05-08 00:02:04,909] INFO: Combine   9/218 feat: CooccurrenceRatio_Trigram_question1_x_question2_1D (1D) (corr = 0.240180731937185)
[2017-05-08 00:02:05,021] INFO: Combine  10/218 feat: CooccurrenceRatio_Trigram_question2_x_question1_1D (1D) (corr = 0.240180731937185)
[2017-05-08 00:02:05,128] INFO: Combine  11/218 feat: CooccurrenceRatio_Unigram_question1_x_question2_1D (1D) (corr = 0.308206738640578)
[2017-05-08 00:02:05,235] INFO: Combine  12/218 feat: CooccurrenceRatio_Unigram_question2_x_question1_1D (1D) (corr = 0.308206738640578)
[2017-05-08 00:02:05,367] INFO: Drop: DigitCount_question1_1D (1D) (abs corr = 0.0039876580829624995, < threshold = 0.05)
[2017-05-08 00:02:05,490] INFO: Drop: DigitCount_question2_1D (1D) (abs corr = 0.006396068634165991, < threshold = 0.05)
[2017-05-08 00:02:05,585] INFO: Drop: DigitRatio_question1_1D (1D) (abs corr = 0.03569945388445178, < threshold = 0.05)
[2017-05-08 00:02:05,681] INFO: Drop: DigitRatio_question2_1D (1D) (abs corr = 0.03190529053626012, < threshold = 0.05)
[2017-05-08 00:02:05,784] INFO: Combine  13/218 feat: DocEntropy_question1_1D (1D) (corr = -0.14528322782820371)
[2017-05-08 00:02:05,895] INFO: Combine  14/218 feat: DocEntropy_question2_1D (1D) (corr = -0.1461582928024153)
[2017-05-08 00:02:06,051] INFO: Combine  15/218 feat: DocFreq_question1_1D (1D) (corr = 0.34077336595815455)
[2017-05-08 00:02:06,212] INFO: Combine  16/218 feat: DocFreq_question2_1D (1D) (corr = 0.3350328345123778)
[2017-05-08 00:02:06,319] INFO: Drop: DocId_question1_1D (1D) (abs corr = 0.002067737839914635, < threshold = 0.05)
[2017-05-08 00:02:06,414] INFO: Drop: DocId_question2_1D (1D) (abs corr = 0.00011260269612234331, < threshold = 0.05)
[2017-05-08 00:02:06,559] INFO: Combine  17/218 feat: DocLen_question1_1D (1D) (corr = -0.15580009668998154)
[2017-05-08 00:02:06,713] INFO: Combine  18/218 feat: DocLen_question2_1D (1D) (corr = -0.15890005868988388)
[2017-05-08 00:02:06,877] INFO: Combine  19/218 feat: IntersectCount_Bigram_question1_x_question2_1D (1D) (corr = 0.3211231674177934)
[2017-05-08 00:02:07,077] INFO: Combine  20/218 feat: IntersectCount_Bigram_question2_x_question1_1D (1D) (corr = 0.32092677911091105)
[2017-05-08 00:02:07,235] INFO: Combine  21/218 feat: IntersectCount_Trigram_question1_x_question2_1D (1D) (corr = 0.26088647174743174)
[2017-05-08 00:02:07,396] INFO: Combine  22/218 feat: IntersectCount_Trigram_question2_x_question1_1D (1D) (corr = 0.26082447142679754)
[2017-05-08 00:02:07,562] INFO: Combine  23/218 feat: IntersectCount_Unigram_question1_x_question2_1D (1D) (corr = 0.21116103314139595)
[2017-05-08 00:02:07,745] INFO: Combine  24/218 feat: IntersectCount_Unigram_question2_x_question1_1D (1D) (corr = 0.2073266431120101)
[2017-05-08 00:02:07,890] INFO: Combine  25/218 feat: IntersectNormPosition_Bigram_Max_question1_x_question2_1D (1D) (corr = 0.3746398737298794)
[2017-05-08 00:02:08,004] INFO: Combine  26/218 feat: IntersectNormPosition_Bigram_Max_question2_x_question1_1D (1D) (corr = 0.37147677918692307)
[2017-05-08 00:02:08,122] INFO: Combine  27/218 feat: IntersectNormPosition_Bigram_Mean_question1_x_question2_1D (1D) (corr = 0.3105910246090176)
[2017-05-08 00:02:08,255] INFO: Combine  28/218 feat: IntersectNormPosition_Bigram_Mean_question2_x_question1_1D (1D) (corr = 0.30607711327273673)
[2017-05-08 00:02:08,377] INFO: Combine  29/218 feat: IntersectNormPosition_Bigram_Median_question1_x_question2_1D (1D) (corr = 0.30283432060439563)
[2017-05-08 00:02:08,493] INFO: Combine  30/218 feat: IntersectNormPosition_Bigram_Median_question2_x_question1_1D (1D) (corr = 0.29874417795968383)
[2017-05-08 00:02:08,616] INFO: Combine  31/218 feat: IntersectNormPosition_Bigram_Min_question1_x_question2_1D (1D) (corr = 0.14093687500076227)
[2017-05-08 00:02:08,750] INFO: Combine  32/218 feat: IntersectNormPosition_Bigram_Min_question2_x_question1_1D (1D) (corr = 0.13616664748514493)
[2017-05-08 00:02:08,869] INFO: Combine  33/218 feat: IntersectNormPosition_Bigram_Std_question1_x_question2_1D (1D) (corr = 0.30959498621131376)
[2017-05-08 00:02:08,984] INFO: Combine  34/218 feat: IntersectNormPosition_Bigram_Std_question2_x_question1_1D (1D) (corr = 0.3100622435146895)
[2017-05-08 00:02:09,102] INFO: Combine  35/218 feat: IntersectNormPosition_Trigram_Max_question1_x_question2_1D (1D) (corr = 0.30934334622901677)
[2017-05-08 00:02:09,216] INFO: Combine  36/218 feat: IntersectNormPosition_Trigram_Max_question2_x_question1_1D (1D) (corr = 0.3070136077670867)
[2017-05-08 00:02:09,338] INFO: Combine  37/218 feat: IntersectNormPosition_Trigram_Mean_question1_x_question2_1D (1D) (corr = 0.2987807016106388)
[2017-05-08 00:02:09,452] INFO: Combine  38/218 feat: IntersectNormPosition_Trigram_Mean_question2_x_question1_1D (1D) (corr = 0.2964058453303836)
[2017-05-08 00:02:09,579] INFO: Combine  39/218 feat: IntersectNormPosition_Trigram_Median_question1_x_question2_1D (1D) (corr = 0.29621077335533214)
[2017-05-08 00:02:09,691] INFO: Combine  40/218 feat: IntersectNormPosition_Trigram_Median_question2_x_question1_1D (1D) (corr = 0.2940533079776819)
[2017-05-08 00:02:09,816] INFO: Combine  41/218 feat: IntersectNormPosition_Trigram_Min_question1_x_question2_1D (1D) (corr = 0.24097384324903254)
[2017-05-08 00:02:09,927] INFO: Combine  42/218 feat: IntersectNormPosition_Trigram_Min_question2_x_question1_1D (1D) (corr = 0.2385426564510609)
[2017-05-08 00:02:10,049] INFO: Combine  43/218 feat: IntersectNormPosition_Trigram_Std_question1_x_question2_1D (1D) (corr = 0.20965727028502745)
[2017-05-08 00:02:10,164] INFO: Combine  44/218 feat: IntersectNormPosition_Trigram_Std_question2_x_question1_1D (1D) (corr = 0.20874546964989188)
[2017-05-08 00:02:10,274] INFO: Drop: IntersectNormPosition_Unigram_Max_question1_x_question2_1D (1D) (abs corr = 0.022666726123168935, < threshold = 0.05)
[2017-05-08 00:02:10,373] INFO: Drop: IntersectNormPosition_Unigram_Max_question2_x_question1_1D (1D) (abs corr = 0.02486368985418324, < threshold = 0.05)
[2017-05-08 00:02:10,475] INFO: Combine  45/218 feat: IntersectNormPosition_Unigram_Mean_question1_x_question2_1D (1D) (corr = -0.11010063391889567)
[2017-05-08 00:02:10,610] INFO: Combine  46/218 feat: IntersectNormPosition_Unigram_Mean_question2_x_question1_1D (1D) (corr = -0.11738622562103239)
[2017-05-08 00:02:10,724] INFO: Combine  47/218 feat: IntersectNormPosition_Unigram_Median_question1_x_question2_1D (1D) (corr = -0.06944084872956921)
[2017-05-08 00:02:10,839] INFO: Combine  48/218 feat: IntersectNormPosition_Unigram_Median_question2_x_question1_1D (1D) (corr = -0.07839926396160321)
[2017-05-08 00:02:10,957] INFO: Combine  49/218 feat: IntersectNormPosition_Unigram_Min_question1_x_question2_1D (1D) (corr = -0.1623733545253656)
[2017-05-08 00:02:11,080] INFO: Combine  50/218 feat: IntersectNormPosition_Unigram_Min_question2_x_question1_1D (1D) (corr = -0.1663976149561852)
[2017-05-08 00:02:11,199] INFO: Combine  51/218 feat: IntersectNormPosition_Unigram_Std_question1_x_question2_1D (1D) (corr = 0.08984973300431763)
[2017-05-08 00:02:11,320] INFO: Combine  52/218 feat: IntersectNormPosition_Unigram_Std_question2_x_question1_1D (1D) (corr = 0.09487523931177665)
[2017-05-08 00:02:11,473] INFO: Combine  53/218 feat: IntersectPosition_Bigram_Max_question1_x_question2_1D (1D) (corr = 0.2978744339397428)
[2017-05-08 00:02:11,636] INFO: Combine  54/218 feat: IntersectPosition_Bigram_Max_question2_x_question1_1D (1D) (corr = 0.2902798639994474)
[2017-05-08 00:02:11,790] INFO: Combine  55/218 feat: IntersectPosition_Bigram_Mean_question1_x_question2_1D (1D) (corr = 0.26988124228992943)
[2017-05-08 00:02:11,984] INFO: Combine  56/218 feat: IntersectPosition_Bigram_Mean_question2_x_question1_1D (1D) (corr = 0.26093450729801765)
[2017-05-08 00:02:12,146] INFO: Combine  57/218 feat: IntersectPosition_Bigram_Median_question1_x_question2_1D (1D) (corr = 0.2666469424863412)
[2017-05-08 00:02:12,307] INFO: Combine  58/218 feat: IntersectPosition_Bigram_Median_question2_x_question1_1D (1D) (corr = 0.258143228858886)
[2017-05-08 00:02:12,463] INFO: Combine  59/218 feat: IntersectPosition_Bigram_Min_question1_x_question2_1D (1D) (corr = 0.15747903052973067)
[2017-05-08 00:02:12,623] INFO: Combine  60/218 feat: IntersectPosition_Bigram_Min_question2_x_question1_1D (1D) (corr = 0.1485560830915255)
[2017-05-08 00:02:12,792] INFO: Combine  61/218 feat: IntersectPosition_Bigram_Std_question1_x_question2_1D (1D) (corr = 0.2719480563391841)
[2017-05-08 00:02:12,955] INFO: Combine  62/218 feat: IntersectPosition_Bigram_Std_question2_x_question1_1D (1D) (corr = 0.26695587304210805)
[2017-05-08 00:02:13,107] INFO: Combine  63/218 feat: IntersectPosition_Trigram_Max_question1_x_question2_1D (1D) (corr = 0.28108020448479976)
[2017-05-08 00:02:13,283] INFO: Combine  64/218 feat: IntersectPosition_Trigram_Max_question2_x_question1_1D (1D) (corr = 0.2776912957958044)
[2017-05-08 00:02:13,484] INFO: Combine  65/218 feat: IntersectPosition_Trigram_Mean_question1_x_question2_1D (1D) (corr = 0.279414837350151)
[2017-05-08 00:02:13,660] INFO: Combine  66/218 feat: IntersectPosition_Trigram_Mean_question2_x_question1_1D (1D) (corr = 0.27538300924503745)
[2017-05-08 00:02:13,829] INFO: Combine  67/218 feat: IntersectPosition_Trigram_Median_question1_x_question2_1D (1D) (corr = 0.27802812765206886)
[2017-05-08 00:02:13,991] INFO: Combine  68/218 feat: IntersectPosition_Trigram_Median_question2_x_question1_1D (1D) (corr = 0.2741182279749494)
[2017-05-08 00:02:14,147] INFO: Combine  69/218 feat: IntersectPosition_Trigram_Min_question1_x_question2_1D (1D) (corr = 0.25678737990095496)
[2017-05-08 00:02:14,309] INFO: Combine  70/218 feat: IntersectPosition_Trigram_Min_question2_x_question1_1D (1D) (corr = 0.25167275778439036)
[2017-05-08 00:02:14,464] INFO: Combine  71/218 feat: IntersectPosition_Trigram_Std_question1_x_question2_1D (1D) (corr = 0.19390436952895465)
[2017-05-08 00:02:14,619] INFO: Combine  72/218 feat: IntersectPosition_Trigram_Std_question2_x_question1_1D (1D) (corr = 0.1930171866350253)
[2017-05-08 00:02:14,800] INFO: Combine  73/218 feat: IntersectPosition_Unigram_Max_question1_x_question2_1D (1D) (corr = -0.15257977375886447)
[2017-05-08 00:02:14,983] INFO: Combine  74/218 feat: IntersectPosition_Unigram_Max_question2_x_question1_1D (1D) (corr = -0.15551054389254743)
[2017-05-08 00:02:15,149] INFO: Combine  75/218 feat: IntersectPosition_Unigram_Mean_question1_x_question2_1D (1D) (corr = -0.1999914102644892)
[2017-05-08 00:02:15,309] INFO: Combine  76/218 feat: IntersectPosition_Unigram_Mean_question2_x_question1_1D (1D) (corr = -0.20611887471092938)
[2017-05-08 00:02:15,472] INFO: Combine  77/218 feat: IntersectPosition_Unigram_Median_question1_x_question2_1D (1D) (corr = -0.17030002573557496)
[2017-05-08 00:02:15,644] INFO: Combine  78/218 feat: IntersectPosition_Unigram_Median_question2_x_question1_1D (1D) (corr = -0.18005438404431084)
[2017-05-08 00:02:15,822] INFO: Combine  79/218 feat: IntersectPosition_Unigram_Min_question1_x_question2_1D (1D) (corr = -0.20785709082203313)
[2017-05-08 00:02:15,996] INFO: Combine  80/218 feat: IntersectPosition_Unigram_Min_question2_x_question1_1D (1D) (corr = -0.21340981338212936)
[2017-05-08 00:02:16,172] INFO: Drop: IntersectPosition_Unigram_Std_question1_x_question2_1D (1D) (abs corr = 0.029144232170434353, < threshold = 0.05)
[2017-05-08 00:02:16,316] INFO: Drop: IntersectPosition_Unigram_Std_question2_x_question1_1D (1D) (abs corr = 0.0351130391882442, < threshold = 0.05)
[2017-05-08 00:02:16,421] INFO: Combine  81/218 feat: IntersectRatio_Bigram_question1_x_question2_1D (1D) (corr = 0.31965080268574414)
[2017-05-08 00:02:16,547] INFO: Combine  82/218 feat: IntersectRatio_Bigram_question2_x_question1_1D (1D) (corr = 0.31708631423287964)
[2017-05-08 00:02:16,676] INFO: Combine  83/218 feat: IntersectRatio_Trigram_question1_x_question2_1D (1D) (corr = 0.24544799186480462)
[2017-05-08 00:02:16,799] INFO: Combine  84/218 feat: IntersectRatio_Trigram_question2_x_question1_1D (1D) (corr = 0.24204652540825283)
[2017-05-08 00:02:16,933] INFO: Combine  85/218 feat: IntersectRatio_Unigram_question1_x_question2_1D (1D) (corr = 0.34055749883707254)
[2017-05-08 00:02:17,065] INFO: Combine  86/218 feat: IntersectRatio_Unigram_question2_x_question1_1D (1D) (corr = 0.34398177317761514)
[2017-05-08 00:02:17,189] INFO: Combine  87/218 feat: LongestMatchRatio_question1_x_question2_1D (1D) (corr = 0.18719228322728237)
[2017-05-08 00:02:17,326] INFO: Combine  88/218 feat: LongestMatchRatio_question2_x_question1_1D (1D) (corr = 0.18655753048849721)
[2017-05-08 00:02:17,498] INFO: Combine  89/218 feat: LongestMatchSize_question1_x_question2_1D (1D) (corr = 0.2098310273643844)
[2017-05-08 00:02:17,677] INFO: Combine  90/218 feat: LongestMatchSize_question2_x_question1_1D (1D) (corr = 0.2069800945999701)
[2017-05-08 00:02:17,824] INFO: Combine  91/218 feat: MatchQueryCount_question1_x_question2_1D (1D) (corr = 0.07373998963134641)
[2017-05-08 00:02:17,982] INFO: Combine  92/218 feat: MatchQueryCount_question2_x_question1_1D (1D) (corr = 0.07524464338081327)
[2017-05-08 00:02:18,093] INFO: Combine  93/218 feat: MatchQueryRatio_question1_x_question2_1D (1D) (corr = 0.060143489773099815)
[2017-05-08 00:02:18,213] INFO: Combine  94/218 feat: MatchQueryRatio_question2_x_question1_1D (1D) (corr = 0.06260504354114275)
[2017-05-08 00:02:18,341] INFO: Combine  95/218 feat: StatCoocBM25_Bigram_Max_question1_x_question2_1D (1D) (corr = 0.3042302755074569)
[2017-05-08 00:02:18,458] INFO: Combine  96/218 feat: StatCoocBM25_Bigram_Max_question2_x_question1_1D (1D) (corr = 0.30427398082086077)
[2017-05-08 00:02:18,580] INFO: Combine  97/218 feat: StatCoocBM25_Bigram_Mean_question1_x_question2_1D (1D) (corr = 0.3186870361901789)
[2017-05-08 00:02:18,704] INFO: Combine  98/218 feat: StatCoocBM25_Bigram_Mean_question2_x_question1_1D (1D) (corr = 0.3162681305304705)
[2017-05-08 00:02:57,436] INFO: Combine  99/218 feat: StatCoocBM25_Bigram_Median_question1_x_question2_1D (1D) (corr = 0.19520267826472695)
[2017-05-08 00:02:57,587] INFO: Combine 100/218 feat: StatCoocBM25_Bigram_Median_question2_x_question1_1D (1D) (corr = 0.19201685350750533)
[2017-05-08 00:02:57,699] INFO: Combine 101/218 feat: StatCoocBM25_Bigram_Min_question1_x_question2_1D (1D) (corr = 0.07403003129624104)
[2017-05-08 00:02:57,811] INFO: Combine 102/218 feat: StatCoocBM25_Bigram_Min_question2_x_question1_1D (1D) (corr = 0.07358472590444663)
[2017-05-08 00:02:57,921] INFO: Combine 103/218 feat: StatCoocBM25_Bigram_Std_question1_x_question2_1D (1D) (corr = 0.3239535964202608)
[2017-05-08 00:02:58,028] INFO: Combine 104/218 feat: StatCoocBM25_Bigram_Std_question2_x_question1_1D (1D) (corr = 0.3255364400992038)
[2017-05-08 00:02:58,139] INFO: Combine 105/218 feat: StatCoocBM25_Trigram_Max_question1_x_question2_1D (1D) (corr = 0.2929756442105203)
[2017-05-08 00:02:58,246] INFO: Combine 106/218 feat: StatCoocBM25_Trigram_Max_question2_x_question1_1D (1D) (corr = 0.2943644110089826)
[2017-05-08 00:02:58,355] INFO: Combine 107/218 feat: StatCoocBM25_Trigram_Mean_question1_x_question2_1D (1D) (corr = 0.25373413310694976)
[2017-05-08 00:02:58,467] INFO: Combine 108/218 feat: StatCoocBM25_Trigram_Mean_question2_x_question1_1D (1D) (corr = 0.25146345508070816)
[2017-05-08 00:02:58,581] INFO: Combine 109/218 feat: StatCoocBM25_Trigram_Median_question1_x_question2_1D (1D) (corr = 0.14330120060963403)
[2017-05-08 00:02:58,693] INFO: Combine 110/218 feat: StatCoocBM25_Trigram_Median_question2_x_question1_1D (1D) (corr = 0.13917994811895856)
[2017-05-08 00:02:58,829] INFO: Combine 111/218 feat: StatCoocBM25_Trigram_Min_question1_x_question2_1D (1D) (corr = 0.06681157765135994)
[2017-05-08 00:02:58,938] INFO: Combine 112/218 feat: StatCoocBM25_Trigram_Min_question2_x_question1_1D (1D) (corr = 0.06603315159970953)
[2017-05-08 00:02:59,049] INFO: Combine 113/218 feat: StatCoocBM25_Trigram_Std_question1_x_question2_1D (1D) (corr = 0.29171068046360954)
[2017-05-08 00:02:59,158] INFO: Combine 114/218 feat: StatCoocBM25_Trigram_Std_question2_x_question1_1D (1D) (corr = 0.29378317215023675)
[2017-05-08 00:02:59,267] INFO: Combine 115/218 feat: StatCoocBM25_Unigram_Max_question1_x_question2_1D (1D) (corr = 0.15935091441351415)
[2017-05-08 00:02:59,374] INFO: Combine 116/218 feat: StatCoocBM25_Unigram_Max_question2_x_question1_1D (1D) (corr = 0.1559710832768436)
[2017-05-08 00:02:59,485] INFO: Combine 117/218 feat: StatCoocBM25_Unigram_Mean_question1_x_question2_1D (1D) (corr = 0.31824504043506535)
[2017-05-08 00:02:59,595] INFO: Combine 118/218 feat: StatCoocBM25_Unigram_Mean_question2_x_question1_1D (1D) (corr = 0.31921593930688014)
[2017-05-08 00:02:59,706] INFO: Combine 119/218 feat: StatCoocBM25_Unigram_Median_question1_x_question2_1D (1D) (corr = 0.26013539721505774)
[2017-05-08 00:02:59,820] INFO: Combine 120/218 feat: StatCoocBM25_Unigram_Median_question2_x_question1_1D (1D) (corr = 0.26418195597858074)
[2017-05-08 00:02:59,950] INFO: Combine 121/218 feat: StatCoocBM25_Unigram_Min_question1_x_question2_1D (1D) (corr = -0.1366363300803289)
[2017-05-08 00:03:00,084] INFO: Combine 122/218 feat: StatCoocBM25_Unigram_Min_question2_x_question1_1D (1D) (corr = -0.13903729036217521)
[2017-05-08 00:03:00,205] INFO: Combine 123/218 feat: StatCoocBM25_Unigram_Std_question1_x_question2_1D (1D) (corr = 0.2191249419095373)
[2017-05-08 00:03:00,329] INFO: Combine 124/218 feat: StatCoocBM25_Unigram_Std_question2_x_question1_1D (1D) (corr = 0.2167734109978421)
[2017-05-08 00:03:00,536] INFO: Combine 125/218 feat: StatCoocTFIDF_Bigram_Max_question1_x_question2_1D (1D) (corr = 0.2576654955961371)
[2017-05-08 00:03:00,692] INFO: Combine 126/218 feat: StatCoocTFIDF_Bigram_Max_question2_x_question1_1D (1D) (corr = 0.25765177477238344)
[2017-05-08 00:03:00,843] INFO: Combine 127/218 feat: StatCoocTFIDF_Bigram_Mean_question1_x_question2_1D (1D) (corr = 0.29923052236835584)
[2017-05-08 00:03:00,975] INFO: Combine 128/218 feat: StatCoocTFIDF_Bigram_Mean_question2_x_question1_1D (1D) (corr = 0.29698774649107135)
[2017-05-08 00:03:01,106] INFO: Combine 129/218 feat: StatCoocTFIDF_Bigram_Median_question1_x_question2_1D (1D) (corr = 0.18366572902971262)
[2017-05-08 00:03:01,232] INFO: Combine 130/218 feat: StatCoocTFIDF_Bigram_Median_question2_x_question1_1D (1D) (corr = 0.180347387230539)
[2017-05-08 00:03:01,355] INFO: Combine 131/218 feat: StatCoocTFIDF_Bigram_Min_question1_x_question2_1D (1D) (corr = 0.07750941973217418)
[2017-05-08 00:03:01,476] INFO: Combine 132/218 feat: StatCoocTFIDF_Bigram_Min_question2_x_question1_1D (1D) (corr = 0.07645198348444178)
[2017-05-08 00:03:01,599] INFO: Combine 133/218 feat: StatCoocTFIDF_Bigram_Std_question1_x_question2_1D (1D) (corr = 0.30393061716613246)
[2017-05-08 00:03:01,709] INFO: Combine 134/218 feat: StatCoocTFIDF_Bigram_Std_question2_x_question1_1D (1D) (corr = 0.3058551108392929)
[2017-05-08 00:03:01,828] INFO: Combine 135/218 feat: StatCoocTFIDF_Trigram_Max_question1_x_question2_1D (1D) (corr = 0.2732536134478056)
[2017-05-08 00:03:01,952] INFO: Combine 136/218 feat: StatCoocTFIDF_Trigram_Max_question2_x_question1_1D (1D) (corr = 0.27386038507568944)
[2017-05-08 00:03:02,073] INFO: Combine 137/218 feat: StatCoocTFIDF_Trigram_Mean_question1_x_question2_1D (1D) (corr = 0.24309452219142422)
[2017-05-08 00:03:02,191] INFO: Combine 138/218 feat: StatCoocTFIDF_Trigram_Mean_question2_x_question1_1D (1D) (corr = 0.24012358587643454)
[2017-05-08 00:03:02,309] INFO: Combine 139/218 feat: StatCoocTFIDF_Trigram_Median_question1_x_question2_1D (1D) (corr = 0.13438300367491943)
[2017-05-08 00:03:02,426] INFO: Combine 140/218 feat: StatCoocTFIDF_Trigram_Median_question2_x_question1_1D (1D) (corr = 0.13012979683870138)
[2017-05-08 00:03:02,546] INFO: Combine 141/218 feat: StatCoocTFIDF_Trigram_Min_question1_x_question2_1D (1D) (corr = 0.07133712407581665)
[2017-05-08 00:03:02,660] INFO: Combine 142/218 feat: StatCoocTFIDF_Trigram_Min_question2_x_question1_1D (1D) (corr = 0.06965974828064357)
[2017-05-08 00:03:02,777] INFO: Combine 143/218 feat: StatCoocTFIDF_Trigram_Std_question1_x_question2_1D (1D) (corr = 0.2864262017868224)
[2017-05-08 00:03:02,914] INFO: Combine 144/218 feat: StatCoocTFIDF_Trigram_Std_question2_x_question1_1D (1D) (corr = 0.28809525488757237)
[2017-05-08 00:03:03,027] INFO: Combine 145/218 feat: StatCoocTFIDF_Unigram_Max_question1_x_question2_1D (1D) (corr = 0.056086624534937714)
[2017-05-08 00:03:03,150] INFO: Combine 146/218 feat: StatCoocTFIDF_Unigram_Max_question2_x_question1_1D (1D) (corr = 0.054466226247849255)
[2017-05-08 00:03:03,271] INFO: Combine 147/218 feat: StatCoocTFIDF_Unigram_Mean_question1_x_question2_1D (1D) (corr = 0.24186709289828792)
[2017-05-08 00:03:03,391] INFO: Combine 148/218 feat: StatCoocTFIDF_Unigram_Mean_question2_x_question1_1D (1D) (corr = 0.24856710356361014)
[2017-05-08 00:03:03,518] INFO: Combine 149/218 feat: StatCoocTFIDF_Unigram_Median_question1_x_question2_1D (1D) (corr = 0.23008843724676334)
[2017-05-08 00:03:03,652] INFO: Combine 150/218 feat: StatCoocTFIDF_Unigram_Median_question2_x_question1_1D (1D) (corr = 0.23987357420539965)
[2017-05-08 00:03:03,776] INFO: Drop: StatCoocTFIDF_Unigram_Min_question1_x_question2_1D (1D) (abs corr = 0.04352112163584229, < threshold = 0.05)
[2017-05-08 00:03:03,889] INFO: Drop: StatCoocTFIDF_Unigram_Min_question2_x_question1_1D (1D) (abs corr = 0.030766778107974742, < threshold = 0.05)
[2017-05-08 00:03:04,017] INFO: Combine 151/218 feat: StatCoocTFIDF_Unigram_Std_question1_x_question2_1D (1D) (corr = 0.12489356643688815)
[2017-05-08 00:03:04,149] INFO: Combine 152/218 feat: StatCoocTFIDF_Unigram_Std_question2_x_question1_1D (1D) (corr = 0.12764792513578524)
[2017-05-08 00:03:04,293] INFO: Combine 153/218 feat: StatCoocTF_Bigram_Max_question1_x_question2_1D (1D) (corr = 0.2534652664542197)
[2017-05-08 00:03:04,424] INFO: Combine 154/218 feat: StatCoocTF_Bigram_Max_question2_x_question1_1D (1D) (corr = 0.2555700890432162)
[2017-05-08 00:03:04,546] INFO: Combine 155/218 feat: StatCoocTF_Bigram_Mean_question1_x_question2_1D (1D) (corr = 0.312698827607638)
[2017-05-08 00:03:04,678] INFO: Combine 156/218 feat: StatCoocTF_Bigram_Mean_question2_x_question1_1D (1D) (corr = 0.3104940838765059)
[2017-05-08 00:03:04,820] INFO: Combine 157/218 feat: StatCoocTF_Bigram_Median_question1_x_question2_1D (1D) (corr = 0.20427320264979393)
[2017-05-08 00:03:04,982] INFO: Combine 158/218 feat: StatCoocTF_Bigram_Median_question2_x_question1_1D (1D) (corr = 0.20252777534287492)
[2017-05-08 00:03:05,124] INFO: Combine 159/218 feat: StatCoocTF_Bigram_Min_question1_x_question2_1D (1D) (corr = 0.08667269890108537)
[2017-05-08 00:03:05,280] INFO: Combine 160/218 feat: StatCoocTF_Bigram_Min_question2_x_question1_1D (1D) (corr = 0.08327367303424575)
[2017-05-08 00:03:05,484] INFO: Combine 161/218 feat: StatCoocTF_Bigram_Std_question1_x_question2_1D (1D) (corr = 0.3301421247631916)
[2017-05-08 00:03:05,716] INFO: Combine 162/218 feat: StatCoocTF_Bigram_Std_question2_x_question1_1D (1D) (corr = 0.33522262593623864)
[2017-05-08 00:03:05,884] INFO: Combine 163/218 feat: StatCoocTF_Trigram_Max_question1_x_question2_1D (1D) (corr = 0.2844705683295976)
[2017-05-08 00:03:06,075] INFO: Combine 164/218 feat: StatCoocTF_Trigram_Max_question2_x_question1_1D (1D) (corr = 0.28504290451471587)
[2017-05-08 00:03:06,230] INFO: Combine 165/218 feat: StatCoocTF_Trigram_Mean_question1_x_question2_1D (1D) (corr = 0.24329181452167228)
[2017-05-08 00:03:06,374] INFO: Combine 166/218 feat: StatCoocTF_Trigram_Mean_question2_x_question1_1D (1D) (corr = 0.23997968286527166)
[2017-05-08 00:03:06,546] INFO: Combine 167/218 feat: StatCoocTF_Trigram_Median_question1_x_question2_1D (1D) (corr = 0.13069491542731376)
[2017-05-08 00:03:06,677] INFO: Combine 168/218 feat: StatCoocTF_Trigram_Median_question2_x_question1_1D (1D) (corr = 0.12823174335114484)
[2017-05-08 00:03:06,836] INFO: Combine 169/218 feat: StatCoocTF_Trigram_Min_question1_x_question2_1D (1D) (corr = 0.07830849640267322)
[2017-05-08 00:03:06,976] INFO: Combine 170/218 feat: StatCoocTF_Trigram_Min_question2_x_question1_1D (1D) (corr = 0.07304682856382246)
[2017-05-08 00:03:07,106] INFO: Combine 171/218 feat: StatCoocTF_Trigram_Std_question1_x_question2_1D (1D) (corr = 0.2989061837108895)
[2017-05-08 00:03:07,265] INFO: Combine 172/218 feat: StatCoocTF_Trigram_Std_question2_x_question1_1D (1D) (corr = 0.30160837453683953)
[2017-05-08 00:03:07,442] INFO: Combine 173/218 feat: StatCoocTF_Unigram_Max_question1_x_question2_1D (1D) (corr = -0.07705149983459231)
[2017-05-08 00:03:07,722] INFO: Combine 174/218 feat: StatCoocTF_Unigram_Max_question2_x_question1_1D (1D) (corr = -0.06543761323194278)
[2017-05-08 00:03:07,860] INFO: Combine 175/218 feat: StatCoocTF_Unigram_Mean_question1_x_question2_1D (1D) (corr = 0.27304949464509454)
[2017-05-08 00:03:08,028] INFO: Combine 176/218 feat: StatCoocTF_Unigram_Mean_question2_x_question1_1D (1D) (corr = 0.28481319854443066)
[2017-05-08 00:03:08,158] INFO: Combine 177/218 feat: StatCoocTF_Unigram_Median_question1_x_question2_1D (1D) (corr = 0.32179342090828555)
[2017-05-08 00:03:08,284] INFO: Combine 178/218 feat: StatCoocTF_Unigram_Median_question2_x_question1_1D (1D) (corr = 0.33434017129660887)
[2017-05-08 00:03:08,417] INFO: Combine 179/218 feat: StatCoocTF_Unigram_Min_question1_x_question2_1D (1D) (corr = 0.1311930549992162)
[2017-05-08 00:03:08,559] INFO: Combine 180/218 feat: StatCoocTF_Unigram_Min_question2_x_question1_1D (1D) (corr = 0.11419165967426803)
[2017-05-08 00:03:08,705] INFO: Combine 181/218 feat: StatCoocTF_Unigram_Std_question1_x_question2_1D (1D) (corr = -0.09988767895301864)
[2017-05-08 00:03:08,836] INFO: Combine 182/218 feat: StatCoocTF_Unigram_Std_question2_x_question1_1D (1D) (corr = -0.08839520645443794)
[2017-05-08 00:03:09,064] INFO: Combine 183/218 feat: UniqueCount_Bigram_question1_1D (1D) (corr = -0.15306094984549581)
[2017-05-08 00:03:09,241] INFO: Combine 184/218 feat: UniqueCount_Bigram_question2_1D (1D) (corr = -0.15560582070470574)
[2017-05-08 00:03:09,422] INFO: Combine 185/218 feat: UniqueCount_Trigram_question1_1D (1D) (corr = -0.15053735889219347)
[2017-05-08 00:03:09,602] INFO: Combine 186/218 feat: UniqueCount_Trigram_question2_1D (1D) (corr = -0.1525243375491415)
[2017-05-08 00:03:09,789] INFO: Combine 187/218 feat: UniqueCount_Unigram_question1_1D (1D) (corr = -0.15094406824556897)
[2017-05-08 00:03:10,016] INFO: Combine 188/218 feat: UniqueCount_Unigram_question2_1D (1D) (corr = -0.1525577825295153)
[2017-05-08 00:03:10,161] INFO: Drop: UniqueRatio_Bigram_question1_1D (1D) (abs corr = 0.047696944120665684, < threshold = 0.05)
[2017-05-08 00:03:10,297] INFO: Combine 189/218 feat: UniqueRatio_Bigram_question2_1D (1D) (corr = 0.0535467236671763)
[2017-05-08 00:03:10,480] INFO: Drop: UniqueRatio_Trigram_question1_1D (1D) (abs corr = 0.028782025267621737, < threshold = 0.05)
[2017-05-08 00:03:10,587] INFO: Drop: UniqueRatio_Trigram_question2_1D (1D) (abs corr = 0.03249687326821264, < threshold = 0.05)
[2017-05-08 00:03:10,703] INFO: Combine 190/218 feat: UniqueRatio_Unigram_question1_1D (1D) (corr = 0.10583025688955425)
[2017-05-08 00:03:10,848] INFO: Combine 191/218 feat: UniqueRatio_Unigram_question2_1D (1D) (corr = 0.1207235483361981)
