[2017-05-08 00:32:07,544] INFO: Run for basic...
[2017-05-08 00:32:07,713] INFO: Combine   1/206 feat: CooccurrenceCount_Bigram_question1_x_question2_1D (1D) (corr = 0.3167326462322128)
[2017-05-08 00:32:07,854] INFO: Combine   2/206 feat: CooccurrenceCount_Bigram_question2_x_question1_1D (1D) (corr = 0.3167326462322128)
[2017-05-08 00:32:08,009] INFO: Combine   3/206 feat: CooccurrenceCount_Trigram_question1_x_question2_1D (1D) (corr = 0.2595419614146898)
[2017-05-08 00:32:08,162] INFO: Combine   4/206 feat: CooccurrenceCount_Trigram_question2_x_question1_1D (1D) (corr = 0.2595419614146898)
[2017-05-08 00:32:08,316] INFO: Combine   5/206 feat: CooccurrenceCount_Unigram_question1_x_question2_1D (1D) (corr = 0.16810638479823461)
[2017-05-08 00:32:08,468] INFO: Combine   6/206 feat: CooccurrenceCount_Unigram_question2_x_question1_1D (1D) (corr = 0.16810638479823461)
[2017-05-08 00:32:08,582] INFO: Combine   7/206 feat: CooccurrenceRatio_Bigram_question1_x_question2_1D (1D) (corr = 0.307879203828915)
[2017-05-08 00:32:08,693] INFO: Combine   8/206 feat: CooccurrenceRatio_Bigram_question2_x_question1_1D (1D) (corr = 0.307879203828915)
[2017-05-08 00:32:08,799] INFO: Combine   9/206 feat: CooccurrenceRatio_Trigram_question1_x_question2_1D (1D) (corr = 0.240180731937185)
[2017-05-08 00:32:08,909] INFO: Combine  10/206 feat: CooccurrenceRatio_Trigram_question2_x_question1_1D (1D) (corr = 0.240180731937185)
[2017-05-08 00:32:09,011] INFO: Combine  11/206 feat: CooccurrenceRatio_Unigram_question1_x_question2_1D (1D) (corr = 0.308206738640578)
[2017-05-08 00:32:09,116] INFO: Combine  12/206 feat: CooccurrenceRatio_Unigram_question2_x_question1_1D (1D) (corr = 0.308206738640578)
[2017-05-08 00:32:09,243] INFO: Drop: DigitCount_question1_1D (1D) (abs corr = 0.0039876580829624995, < threshold = 0.05)
[2017-05-08 00:32:09,367] INFO: Drop: DigitCount_question2_1D (1D) (abs corr = 0.006396068634165991, < threshold = 0.05)
[2017-05-08 00:32:09,460] INFO: Drop: DigitRatio_question1_1D (1D) (abs corr = 0.03569945388445178, < threshold = 0.05)
[2017-05-08 00:32:09,559] INFO: Drop: DigitRatio_question2_1D (1D) (abs corr = 0.03190529053626012, < threshold = 0.05)
[2017-05-08 00:32:09,660] INFO: Combine  13/206 feat: DocEntropy_question1_1D (1D) (corr = -0.14528322782820371)
[2017-05-08 00:32:09,773] INFO: Combine  14/206 feat: DocEntropy_question2_1D (1D) (corr = -0.1461582928024153)
[2017-05-08 00:32:09,920] INFO: Combine  15/206 feat: DocFreq_question1_1D (1D) (corr = 0.34077336595815455)
[2017-05-08 00:32:10,067] INFO: Combine  16/206 feat: DocFreq_question2_1D (1D) (corr = 0.3350328345123778)
[2017-05-08 00:32:10,177] INFO: Drop: DocId_question1_1D (1D) (abs corr = 0.002067737839914635, < threshold = 0.05)
[2017-05-08 00:32:10,275] INFO: Drop: DocId_question2_1D (1D) (abs corr = 0.00011260269612234331, < threshold = 0.05)
[2017-05-08 00:32:10,411] INFO: Combine  17/206 feat: DocLen_question1_1D (1D) (corr = -0.15580009668998154)
[2017-05-08 00:32:10,566] INFO: Combine  18/206 feat: DocLen_question2_1D (1D) (corr = -0.15890005868988388)
[2017-05-08 00:32:10,718] INFO: Combine  19/206 feat: IntersectCount_Bigram_question1_x_question2_1D (1D) (corr = 0.3211231674177934)
[2017-05-08 00:32:10,876] INFO: Combine  20/206 feat: IntersectCount_Bigram_question2_x_question1_1D (1D) (corr = 0.32092677911091105)
[2017-05-08 00:32:11,027] INFO: Combine  21/206 feat: IntersectCount_Trigram_question1_x_question2_1D (1D) (corr = 0.26088647174743174)
[2017-05-08 00:32:11,179] INFO: Combine  22/206 feat: IntersectCount_Trigram_question2_x_question1_1D (1D) (corr = 0.26082447142679754)
[2017-05-08 00:32:11,346] INFO: Combine  23/206 feat: IntersectCount_Unigram_question1_x_question2_1D (1D) (corr = 0.21116103314139595)
[2017-05-08 00:32:11,499] INFO: Combine  24/206 feat: IntersectCount_Unigram_question2_x_question1_1D (1D) (corr = 0.2073266431120101)
[2017-05-08 00:32:11,616] INFO: Combine  25/206 feat: IntersectNormPosition_Bigram_Max_question1_x_question2_1D (1D) (corr = 0.3746398737298794)
[2017-05-08 00:32:11,722] INFO: Combine  26/206 feat: IntersectNormPosition_Bigram_Max_question2_x_question1_1D (1D) (corr = 0.37147677918692307)
[2017-05-08 00:32:11,827] INFO: Combine  27/206 feat: IntersectNormPosition_Bigram_Mean_question1_x_question2_1D (1D) (corr = 0.3105910246090176)
[2017-05-08 00:32:11,942] INFO: Combine  28/206 feat: IntersectNormPosition_Bigram_Mean_question2_x_question1_1D (1D) (corr = 0.30607711327273673)
[2017-05-08 00:32:12,070] INFO: Combine  29/206 feat: IntersectNormPosition_Bigram_Median_question1_x_question2_1D (1D) (corr = 0.30283432060439563)
[2017-05-08 00:32:12,177] INFO: Combine  30/206 feat: IntersectNormPosition_Bigram_Median_question2_x_question1_1D (1D) (corr = 0.29874417795968383)
[2017-05-08 00:32:12,286] INFO: Combine  31/206 feat: IntersectNormPosition_Bigram_Min_question1_x_question2_1D (1D) (corr = 0.14093687500076227)
[2017-05-08 00:32:12,400] INFO: Combine  32/206 feat: IntersectNormPosition_Bigram_Min_question2_x_question1_1D (1D) (corr = 0.13616664748514493)
[2017-05-08 00:32:12,525] INFO: Combine  33/206 feat: IntersectNormPosition_Bigram_Std_question1_x_question2_1D (1D) (corr = 0.30959498621131376)
[2017-05-08 00:32:12,640] INFO: Combine  34/206 feat: IntersectNormPosition_Bigram_Std_question2_x_question1_1D (1D) (corr = 0.3100622435146895)
[2017-05-08 00:32:12,754] INFO: Combine  35/206 feat: IntersectNormPosition_Trigram_Max_question1_x_question2_1D (1D) (corr = 0.30934334622901677)
[2017-05-08 00:32:12,870] INFO: Combine  36/206 feat: IntersectNormPosition_Trigram_Max_question2_x_question1_1D (1D) (corr = 0.3070136077670867)
[2017-05-08 00:32:12,988] INFO: Combine  37/206 feat: IntersectNormPosition_Trigram_Mean_question1_x_question2_1D (1D) (corr = 0.2987807016106388)
[2017-05-08 00:32:13,103] INFO: Combine  38/206 feat: IntersectNormPosition_Trigram_Mean_question2_x_question1_1D (1D) (corr = 0.2964058453303836)
[2017-05-08 00:32:13,220] INFO: Combine  39/206 feat: IntersectNormPosition_Trigram_Median_question1_x_question2_1D (1D) (corr = 0.29621077335533214)
[2017-05-08 00:32:13,330] INFO: Combine  40/206 feat: IntersectNormPosition_Trigram_Median_question2_x_question1_1D (1D) (corr = 0.2940533079776819)
[2017-05-08 00:32:13,444] INFO: Combine  41/206 feat: IntersectNormPosition_Trigram_Min_question1_x_question2_1D (1D) (corr = 0.24097384324903254)
[2017-05-08 00:32:13,561] INFO: Combine  42/206 feat: IntersectNormPosition_Trigram_Min_question2_x_question1_1D (1D) (corr = 0.2385426564510609)
[2017-05-08 00:32:13,680] INFO: Combine  43/206 feat: IntersectNormPosition_Trigram_Std_question1_x_question2_1D (1D) (corr = 0.20965727028502745)
[2017-05-08 00:32:13,792] INFO: Combine  44/206 feat: IntersectNormPosition_Trigram_Std_question2_x_question1_1D (1D) (corr = 0.20874546964989188)
[2017-05-08 00:32:13,896] INFO: Drop: IntersectNormPosition_Unigram_Max_question1_x_question2_1D (1D) (abs corr = 0.022666726123168935, < threshold = 0.05)
[2017-05-08 00:32:13,991] INFO: Drop: IntersectNormPosition_Unigram_Max_question2_x_question1_1D (1D) (abs corr = 0.02486368985418324, < threshold = 0.05)
[2017-05-08 00:32:14,095] INFO: Combine  45/206 feat: IntersectNormPosition_Unigram_Mean_question1_x_question2_1D (1D) (corr = -0.11010063391889567)
[2017-05-08 00:32:14,210] INFO: Combine  46/206 feat: IntersectNormPosition_Unigram_Mean_question2_x_question1_1D (1D) (corr = -0.11738622562103239)
[2017-05-08 00:32:14,327] INFO: Combine  47/206 feat: IntersectNormPosition_Unigram_Median_question1_x_question2_1D (1D) (corr = -0.06944084872956921)
[2017-05-08 00:32:14,444] INFO: Combine  48/206 feat: IntersectNormPosition_Unigram_Median_question2_x_question1_1D (1D) (corr = -0.07839926396160321)
[2017-05-08 00:32:14,564] INFO: Combine  49/206 feat: IntersectNormPosition_Unigram_Min_question1_x_question2_1D (1D) (corr = -0.1623733545253656)
[2017-05-08 00:32:14,686] INFO: Combine  50/206 feat: IntersectNormPosition_Unigram_Min_question2_x_question1_1D (1D) (corr = -0.1663976149561852)
[2017-05-08 00:32:14,801] INFO: Combine  51/206 feat: IntersectNormPosition_Unigram_Std_question1_x_question2_1D (1D) (corr = 0.08984973300431763)
[2017-05-08 00:32:14,914] INFO: Combine  52/206 feat: IntersectNormPosition_Unigram_Std_question2_x_question1_1D (1D) (corr = 0.09487523931177665)
[2017-05-08 00:32:15,076] INFO: Combine  53/206 feat: IntersectPosition_Bigram_Max_question1_x_question2_1D (1D) (corr = 0.2978744339397428)
[2017-05-08 00:32:15,247] INFO: Combine  54/206 feat: IntersectPosition_Bigram_Max_question2_x_question1_1D (1D) (corr = 0.2902798639994474)
[2017-05-08 00:32:15,410] INFO: Combine  55/206 feat: IntersectPosition_Bigram_Mean_question1_x_question2_1D (1D) (corr = 0.26988124228992943)
[2017-05-08 00:32:15,581] INFO: Combine  56/206 feat: IntersectPosition_Bigram_Mean_question2_x_question1_1D (1D) (corr = 0.26093450729801765)
[2017-05-08 00:32:15,741] INFO: Combine  57/206 feat: IntersectPosition_Bigram_Median_question1_x_question2_1D (1D) (corr = 0.2666469424863412)
[2017-05-08 00:32:16,050] INFO: Combine  58/206 feat: IntersectPosition_Bigram_Median_question2_x_question1_1D (1D) (corr = 0.258143228858886)
[2017-05-08 00:32:16,218] INFO: Combine  59/206 feat: IntersectPosition_Bigram_Min_question1_x_question2_1D (1D) (corr = 0.15747903052973067)
[2017-05-08 00:32:16,402] INFO: Combine  60/206 feat: IntersectPosition_Bigram_Min_question2_x_question1_1D (1D) (corr = 0.1485560830915255)
[2017-05-08 00:32:16,554] INFO: Combine  61/206 feat: IntersectPosition_Bigram_Std_question1_x_question2_1D (1D) (corr = 0.2719480563391841)
[2017-05-08 00:32:16,719] INFO: Combine  62/206 feat: IntersectPosition_Bigram_Std_question2_x_question1_1D (1D) (corr = 0.26695587304210805)
[2017-05-08 00:32:16,906] INFO: Combine  63/206 feat: IntersectPosition_Trigram_Max_question1_x_question2_1D (1D) (corr = 0.28108020448479976)
[2017-05-08 00:32:17,102] INFO: Combine  64/206 feat: IntersectPosition_Trigram_Max_question2_x_question1_1D (1D) (corr = 0.2776912957958044)
[2017-05-08 00:32:17,272] INFO: Combine  65/206 feat: IntersectPosition_Trigram_Mean_question1_x_question2_1D (1D) (corr = 0.279414837350151)
[2017-05-08 00:32:17,451] INFO: Combine  66/206 feat: IntersectPosition_Trigram_Mean_question2_x_question1_1D (1D) (corr = 0.27538300924503745)
[2017-05-08 00:32:17,614] INFO: Combine  67/206 feat: IntersectPosition_Trigram_Median_question1_x_question2_1D (1D) (corr = 0.27802812765206886)
[2017-05-08 00:32:17,773] INFO: Combine  68/206 feat: IntersectPosition_Trigram_Median_question2_x_question1_1D (1D) (corr = 0.2741182279749494)
[2017-05-08 00:32:17,938] INFO: Combine  69/206 feat: IntersectPosition_Trigram_Min_question1_x_question2_1D (1D) (corr = 0.25678737990095496)
[2017-05-08 00:32:18,102] INFO: Combine  70/206 feat: IntersectPosition_Trigram_Min_question2_x_question1_1D (1D) (corr = 0.25167275778439036)
[2017-05-08 00:32:18,268] INFO: Combine  71/206 feat: IntersectPosition_Trigram_Std_question1_x_question2_1D (1D) (corr = 0.19390436952895465)
[2017-05-08 00:32:18,420] INFO: Combine  72/206 feat: IntersectPosition_Trigram_Std_question2_x_question1_1D (1D) (corr = 0.1930171866350253)
[2017-05-08 00:32:18,583] INFO: Combine  73/206 feat: IntersectPosition_Unigram_Max_question1_x_question2_1D (1D) (corr = -0.15257977375886447)
[2017-05-08 00:32:18,740] INFO: Combine  74/206 feat: IntersectPosition_Unigram_Max_question2_x_question1_1D (1D) (corr = -0.15551054389254743)
[2017-05-08 00:32:18,900] INFO: Combine  75/206 feat: IntersectPosition_Unigram_Mean_question1_x_question2_1D (1D) (corr = -0.1999914102644892)
[2017-05-08 00:32:19,064] INFO: Combine  76/206 feat: IntersectPosition_Unigram_Mean_question2_x_question1_1D (1D) (corr = -0.20611887471092938)
[2017-05-08 00:32:19,223] INFO: Combine  77/206 feat: IntersectPosition_Unigram_Median_question1_x_question2_1D (1D) (corr = -0.17030002573557496)
[2017-05-08 00:32:19,384] INFO: Combine  78/206 feat: IntersectPosition_Unigram_Median_question2_x_question1_1D (1D) (corr = -0.18005438404431084)
[2017-05-08 00:32:19,544] INFO: Combine  79/206 feat: IntersectPosition_Unigram_Min_question1_x_question2_1D (1D) (corr = -0.20785709082203313)
[2017-05-08 00:32:19,701] INFO: Combine  80/206 feat: IntersectPosition_Unigram_Min_question2_x_question1_1D (1D) (corr = -0.21340981338212936)
[2017-05-08 00:32:19,879] INFO: Drop: IntersectPosition_Unigram_Std_question1_x_question2_1D (1D) (abs corr = 0.029144232170434353, < threshold = 0.05)
[2017-05-08 00:32:20,012] INFO: Drop: IntersectPosition_Unigram_Std_question2_x_question1_1D (1D) (abs corr = 0.0351130391882442, < threshold = 0.05)
[2017-05-08 00:32:20,123] INFO: Combine  81/206 feat: IntersectRatio_Bigram_question1_x_question2_1D (1D) (corr = 0.31965080268574414)
[2017-05-08 00:32:20,243] INFO: Combine  82/206 feat: IntersectRatio_Bigram_question2_x_question1_1D (1D) (corr = 0.31708631423287964)
[2017-05-08 00:32:20,364] INFO: Combine  83/206 feat: IntersectRatio_Trigram_question1_x_question2_1D (1D) (corr = 0.24544799186480462)
[2017-05-08 00:32:20,491] INFO: Combine  84/206 feat: IntersectRatio_Trigram_question2_x_question1_1D (1D) (corr = 0.24204652540825283)
[2017-05-08 00:32:20,634] INFO: Combine  85/206 feat: IntersectRatio_Unigram_question1_x_question2_1D (1D) (corr = 0.34055749883707254)
[2017-05-08 00:32:20,757] INFO: Combine  86/206 feat: IntersectRatio_Unigram_question2_x_question1_1D (1D) (corr = 0.34398177317761514)
[2017-05-08 00:32:20,881] INFO: Combine  87/206 feat: LongestMatchRatio_question1_x_question2_1D (1D) (corr = 0.18719228322728237)
[2017-05-08 00:32:21,033] INFO: Combine  88/206 feat: LongestMatchRatio_question2_x_question1_1D (1D) (corr = 0.18655753048849721)
[2017-05-08 00:32:21,196] INFO: Combine  89/206 feat: LongestMatchSize_question1_x_question2_1D (1D) (corr = 0.2098310273643844)
[2017-05-08 00:32:21,355] INFO: Combine  90/206 feat: LongestMatchSize_question2_x_question1_1D (1D) (corr = 0.2069800945999701)
[2017-05-08 00:32:21,511] INFO: Combine  91/206 feat: MatchQueryCount_question1_x_question2_1D (1D) (corr = 0.07373998963134641)
[2017-05-08 00:32:21,659] INFO: Combine  92/206 feat: MatchQueryCount_question2_x_question1_1D (1D) (corr = 0.07524464338081327)
[2017-05-08 00:32:21,785] INFO: Combine  93/206 feat: MatchQueryRatio_question1_x_question2_1D (1D) (corr = 0.060143489773099815)
[2017-05-08 00:32:21,908] INFO: Combine  94/206 feat: MatchQueryRatio_question2_x_question1_1D (1D) (corr = 0.06260504354114275)
[2017-05-08 00:32:22,028] INFO: Combine  95/206 feat: StatCoocBM25_Bigram_Max_question1_x_question2_1D (1D) (corr = 0.3042302755074569)
[2017-05-08 00:32:22,144] INFO: Combine  96/206 feat: StatCoocBM25_Bigram_Max_question2_x_question1_1D (1D) (corr = 0.30427398082086077)
[2017-05-08 00:32:22,258] INFO: Combine  97/206 feat: StatCoocBM25_Bigram_Mean_question1_x_question2_1D (1D) (corr = 0.3186870361901789)
[2017-05-08 00:32:22,376] INFO: Combine  98/206 feat: StatCoocBM25_Bigram_Mean_question2_x_question1_1D (1D) (corr = 0.3162681305304705)
[2017-05-08 00:33:05,487] INFO: Combine  99/206 feat: StatCoocBM25_Bigram_Median_question1_x_question2_1D (1D) (corr = 0.19520267826472695)
[2017-05-08 00:33:05,726] INFO: Combine 100/206 feat: StatCoocBM25_Bigram_Median_question2_x_question1_1D (1D) (corr = 0.19201685350750533)
[2017-05-08 00:33:05,901] INFO: Combine 101/206 feat: StatCoocBM25_Bigram_Min_question1_x_question2_1D (1D) (corr = 0.07403003129624104)
[2017-05-08 00:33:06,016] INFO: Combine 102/206 feat: StatCoocBM25_Bigram_Min_question2_x_question1_1D (1D) (corr = 0.07358472590444663)
[2017-05-08 00:33:06,130] INFO: Combine 103/206 feat: StatCoocBM25_Bigram_Std_question1_x_question2_1D (1D) (corr = 0.3239535964202608)
[2017-05-08 00:33:06,237] INFO: Combine 104/206 feat: StatCoocBM25_Bigram_Std_question2_x_question1_1D (1D) (corr = 0.3255364400992038)
[2017-05-08 00:33:06,347] INFO: Combine 105/206 feat: StatCoocBM25_Trigram_Max_question1_x_question2_1D (1D) (corr = 0.2929756442105203)
[2017-05-08 00:33:06,466] INFO: Combine 106/206 feat: StatCoocBM25_Trigram_Max_question2_x_question1_1D (1D) (corr = 0.2943644110089826)
[2017-05-08 00:33:06,591] INFO: Combine 107/206 feat: StatCoocBM25_Trigram_Mean_question1_x_question2_1D (1D) (corr = 0.25373413310694976)
[2017-05-08 00:33:06,707] INFO: Combine 108/206 feat: StatCoocBM25_Trigram_Mean_question2_x_question1_1D (1D) (corr = 0.25146345508070816)
[2017-05-08 00:33:06,815] INFO: Combine 109/206 feat: StatCoocBM25_Trigram_Median_question1_x_question2_1D (1D) (corr = 0.14330120060963403)
[2017-05-08 00:33:06,926] INFO: Combine 110/206 feat: StatCoocBM25_Trigram_Median_question2_x_question1_1D (1D) (corr = 0.13917994811895856)
[2017-05-08 00:33:07,044] INFO: Combine 111/206 feat: StatCoocBM25_Trigram_Min_question1_x_question2_1D (1D) (corr = 0.06681157765135994)
[2017-05-08 00:33:07,149] INFO: Combine 112/206 feat: StatCoocBM25_Trigram_Min_question2_x_question1_1D (1D) (corr = 0.06603315159970953)
[2017-05-08 00:33:07,261] INFO: Combine 113/206 feat: StatCoocBM25_Trigram_Std_question1_x_question2_1D (1D) (corr = 0.29171068046360954)
[2017-05-08 00:33:07,367] INFO: Combine 114/206 feat: StatCoocBM25_Trigram_Std_question2_x_question1_1D (1D) (corr = 0.29378317215023675)
[2017-05-08 00:33:07,481] INFO: Combine 115/206 feat: StatCoocBM25_Unigram_Max_question1_x_question2_1D (1D) (corr = 0.15935091441351415)
[2017-05-08 00:33:07,603] INFO: Combine 116/206 feat: StatCoocBM25_Unigram_Max_question2_x_question1_1D (1D) (corr = 0.1559710832768436)
[2017-05-08 00:33:07,714] INFO: Combine 117/206 feat: StatCoocBM25_Unigram_Mean_question1_x_question2_1D (1D) (corr = 0.31824504043506535)
[2017-05-08 00:33:07,825] INFO: Combine 118/206 feat: StatCoocBM25_Unigram_Mean_question2_x_question1_1D (1D) (corr = 0.31921593930688014)
[2017-05-08 00:33:07,939] INFO: Combine 119/206 feat: StatCoocBM25_Unigram_Median_question1_x_question2_1D (1D) (corr = 0.26013539721505774)
[2017-05-08 00:33:08,052] INFO: Combine 120/206 feat: StatCoocBM25_Unigram_Median_question2_x_question1_1D (1D) (corr = 0.26418195597858074)
[2017-05-08 00:33:08,166] INFO: Combine 121/206 feat: StatCoocBM25_Unigram_Min_question1_x_question2_1D (1D) (corr = -0.1366363300803289)
[2017-05-08 00:33:08,304] INFO: Combine 122/206 feat: StatCoocBM25_Unigram_Min_question2_x_question1_1D (1D) (corr = -0.13903729036217521)
[2017-05-08 00:33:08,478] INFO: Combine 123/206 feat: StatCoocBM25_Unigram_Std_question1_x_question2_1D (1D) (corr = 0.2191249419095373)
[2017-05-08 00:33:08,627] INFO: Combine 124/206 feat: StatCoocBM25_Unigram_Std_question2_x_question1_1D (1D) (corr = 0.2167734109978421)
[2017-05-08 00:33:08,750] INFO: Combine 125/206 feat: StatCoocTFIDF_Bigram_Max_question1_x_question2_1D (1D) (corr = 0.2576654955961371)
[2017-05-08 00:33:08,869] INFO: Combine 126/206 feat: StatCoocTFIDF_Bigram_Max_question2_x_question1_1D (1D) (corr = 0.25765177477238344)
[2017-05-08 00:33:08,987] INFO: Combine 127/206 feat: StatCoocTFIDF_Bigram_Mean_question1_x_question2_1D (1D) (corr = 0.29923052236835584)
[2017-05-08 00:33:09,103] INFO: Combine 128/206 feat: StatCoocTFIDF_Bigram_Mean_question2_x_question1_1D (1D) (corr = 0.29698774649107135)
[2017-05-08 00:33:09,222] INFO: Combine 129/206 feat: StatCoocTFIDF_Bigram_Median_question1_x_question2_1D (1D) (corr = 0.18366572902971262)
[2017-05-08 00:33:09,337] INFO: Combine 130/206 feat: StatCoocTFIDF_Bigram_Median_question2_x_question1_1D (1D) (corr = 0.180347387230539)
[2017-05-08 00:33:09,498] INFO: Combine 131/206 feat: StatCoocTFIDF_Bigram_Min_question1_x_question2_1D (1D) (corr = 0.07750941973217418)
[2017-05-08 00:33:09,674] INFO: Combine 132/206 feat: StatCoocTFIDF_Bigram_Min_question2_x_question1_1D (1D) (corr = 0.07645198348444178)
[2017-05-08 00:33:09,835] INFO: Combine 133/206 feat: StatCoocTFIDF_Bigram_Std_question1_x_question2_1D (1D) (corr = 0.30393061716613246)
[2017-05-08 00:33:09,968] INFO: Combine 134/206 feat: StatCoocTFIDF_Bigram_Std_question2_x_question1_1D (1D) (corr = 0.3058551108392929)
[2017-05-08 00:33:10,115] INFO: Combine 135/206 feat: StatCoocTFIDF_Trigram_Max_question1_x_question2_1D (1D) (corr = 0.2732536134478056)
[2017-05-08 00:33:10,249] INFO: Combine 136/206 feat: StatCoocTFIDF_Trigram_Max_question2_x_question1_1D (1D) (corr = 0.27386038507568944)
[2017-05-08 00:33:10,380] INFO: Combine 137/206 feat: StatCoocTFIDF_Trigram_Mean_question1_x_question2_1D (1D) (corr = 0.24309452219142422)
[2017-05-08 00:33:10,541] INFO: Combine 138/206 feat: StatCoocTFIDF_Trigram_Mean_question2_x_question1_1D (1D) (corr = 0.24012358587643454)
[2017-05-08 00:33:10,682] INFO: Combine 139/206 feat: StatCoocTFIDF_Trigram_Median_question1_x_question2_1D (1D) (corr = 0.13438300367491943)
[2017-05-08 00:33:10,827] INFO: Combine 140/206 feat: StatCoocTFIDF_Trigram_Median_question2_x_question1_1D (1D) (corr = 0.13012979683870138)
[2017-05-08 00:33:10,973] INFO: Combine 141/206 feat: StatCoocTFIDF_Trigram_Min_question1_x_question2_1D (1D) (corr = 0.07133712407581665)
[2017-05-08 00:33:11,117] INFO: Combine 142/206 feat: StatCoocTFIDF_Trigram_Min_question2_x_question1_1D (1D) (corr = 0.06965974828064357)
[2017-05-08 00:33:11,283] INFO: Combine 143/206 feat: StatCoocTFIDF_Trigram_Std_question1_x_question2_1D (1D) (corr = 0.2864262017868224)
[2017-05-08 00:33:11,439] INFO: Combine 144/206 feat: StatCoocTFIDF_Trigram_Std_question2_x_question1_1D (1D) (corr = 0.28809525488757237)
[2017-05-08 00:33:11,604] INFO: Combine 145/206 feat: StatCoocTFIDF_Unigram_Max_question1_x_question2_1D (1D) (corr = 0.056086624534937714)
[2017-05-08 00:33:11,796] INFO: Combine 146/206 feat: StatCoocTFIDF_Unigram_Max_question2_x_question1_1D (1D) (corr = 0.054466226247849255)
[2017-05-08 00:33:12,002] INFO: Combine 147/206 feat: StatCoocTFIDF_Unigram_Mean_question1_x_question2_1D (1D) (corr = 0.24186709289828792)
[2017-05-08 00:33:12,137] INFO: Combine 148/206 feat: StatCoocTFIDF_Unigram_Mean_question2_x_question1_1D (1D) (corr = 0.24856710356361014)
[2017-05-08 00:33:12,272] INFO: Combine 149/206 feat: StatCoocTFIDF_Unigram_Median_question1_x_question2_1D (1D) (corr = 0.23008843724676334)
[2017-05-08 00:33:12,451] INFO: Combine 150/206 feat: StatCoocTFIDF_Unigram_Median_question2_x_question1_1D (1D) (corr = 0.23987357420539965)
[2017-05-08 00:33:12,617] INFO: Drop: StatCoocTFIDF_Unigram_Min_question1_x_question2_1D (1D) (abs corr = 0.04352112163584229, < threshold = 0.05)
[2017-05-08 00:33:12,728] INFO: Drop: StatCoocTFIDF_Unigram_Min_question2_x_question1_1D (1D) (abs corr = 0.030766778107974742, < threshold = 0.05)
[2017-05-08 00:33:12,853] INFO: Combine 151/206 feat: StatCoocTFIDF_Unigram_Std_question1_x_question2_1D (1D) (corr = 0.12489356643688815)
[2017-05-08 00:33:13,075] INFO: Combine 152/206 feat: StatCoocTFIDF_Unigram_Std_question2_x_question1_1D (1D) (corr = 0.12764792513578524)
[2017-05-08 00:33:13,289] INFO: Combine 153/206 feat: StatCoocTF_Bigram_Max_question1_x_question2_1D (1D) (corr = 0.2534652664542197)
[2017-05-08 00:33:13,621] INFO: Combine 154/206 feat: StatCoocTF_Bigram_Max_question2_x_question1_1D (1D) (corr = 0.2555700890432162)
[2017-05-08 00:33:13,875] INFO: Combine 155/206 feat: StatCoocTF_Bigram_Mean_question1_x_question2_1D (1D) (corr = 0.312698827607638)
[2017-05-08 00:33:14,031] INFO: Combine 156/206 feat: StatCoocTF_Bigram_Mean_question2_x_question1_1D (1D) (corr = 0.3104940838765059)
[2017-05-08 00:33:14,217] INFO: Combine 157/206 feat: StatCoocTF_Bigram_Median_question1_x_question2_1D (1D) (corr = 0.20427320264979393)
[2017-05-08 00:33:14,403] INFO: Combine 158/206 feat: StatCoocTF_Bigram_Median_question2_x_question1_1D (1D) (corr = 0.20252777534287492)
[2017-05-08 00:33:14,714] INFO: Combine 159/206 feat: StatCoocTF_Bigram_Min_question1_x_question2_1D (1D) (corr = 0.08667269890108537)
[2017-05-08 00:33:14,889] INFO: Combine 160/206 feat: StatCoocTF_Bigram_Min_question2_x_question1_1D (1D) (corr = 0.08327367303424575)
[2017-05-08 00:33:15,051] INFO: Combine 161/206 feat: StatCoocTF_Bigram_Std_question1_x_question2_1D (1D) (corr = 0.3301421247631916)
[2017-05-08 00:33:15,191] INFO: Combine 162/206 feat: StatCoocTF_Bigram_Std_question2_x_question1_1D (1D) (corr = 0.33522262593623864)
[2017-05-08 00:33:15,338] INFO: Combine 163/206 feat: StatCoocTF_Trigram_Max_question1_x_question2_1D (1D) (corr = 0.2844705683295976)
[2017-05-08 00:33:15,506] INFO: Combine 164/206 feat: StatCoocTF_Trigram_Max_question2_x_question1_1D (1D) (corr = 0.28504290451471587)
[2017-05-08 00:33:15,719] INFO: Combine 165/206 feat: StatCoocTF_Trigram_Mean_question1_x_question2_1D (1D) (corr = 0.24329181452167228)
[2017-05-08 00:33:15,856] INFO: Combine 166/206 feat: StatCoocTF_Trigram_Mean_question2_x_question1_1D (1D) (corr = 0.23997968286527166)
[2017-05-08 00:33:15,993] INFO: Combine 167/206 feat: StatCoocTF_Trigram_Median_question1_x_question2_1D (1D) (corr = 0.13069491542731376)
[2017-05-08 00:33:16,128] INFO: Combine 168/206 feat: StatCoocTF_Trigram_Median_question2_x_question1_1D (1D) (corr = 0.12823174335114484)
[2017-05-08 00:33:16,275] INFO: Combine 169/206 feat: StatCoocTF_Trigram_Min_question1_x_question2_1D (1D) (corr = 0.07830849640267322)
[2017-05-08 00:33:16,408] INFO: Combine 170/206 feat: StatCoocTF_Trigram_Min_question2_x_question1_1D (1D) (corr = 0.07304682856382246)
[2017-05-08 00:33:16,554] INFO: Combine 171/206 feat: StatCoocTF_Trigram_Std_question1_x_question2_1D (1D) (corr = 0.2989061837108895)
[2017-05-08 00:33:16,681] INFO: Combine 172/206 feat: StatCoocTF_Trigram_Std_question2_x_question1_1D (1D) (corr = 0.30160837453683953)
[2017-05-08 00:33:16,885] INFO: Combine 173/206 feat: StatCoocTF_Unigram_Max_question1_x_question2_1D (1D) (corr = -0.07705149983459231)
[2017-05-08 00:33:17,018] INFO: Combine 174/206 feat: StatCoocTF_Unigram_Max_question2_x_question1_1D (1D) (corr = -0.06543761323194278)
[2017-05-08 00:33:17,155] INFO: Combine 175/206 feat: StatCoocTF_Unigram_Mean_question1_x_question2_1D (1D) (corr = 0.27304949464509454)
[2017-05-08 00:33:17,277] INFO: Combine 176/206 feat: StatCoocTF_Unigram_Mean_question2_x_question1_1D (1D) (corr = 0.28481319854443066)
[2017-05-08 00:33:17,415] INFO: Combine 177/206 feat: StatCoocTF_Unigram_Median_question1_x_question2_1D (1D) (corr = 0.32179342090828555)
[2017-05-08 00:33:17,547] INFO: Combine 178/206 feat: StatCoocTF_Unigram_Median_question2_x_question1_1D (1D) (corr = 0.33434017129660887)
[2017-05-08 00:33:17,683] INFO: Combine 179/206 feat: StatCoocTF_Unigram_Min_question1_x_question2_1D (1D) (corr = 0.1311930549992162)
[2017-05-08 00:33:17,819] INFO: Combine 180/206 feat: StatCoocTF_Unigram_Min_question2_x_question1_1D (1D) (corr = 0.11419165967426803)
[2017-05-08 00:33:17,947] INFO: Combine 181/206 feat: StatCoocTF_Unigram_Std_question1_x_question2_1D (1D) (corr = -0.09988767895301864)
[2017-05-08 00:33:18,079] INFO: Combine 182/206 feat: StatCoocTF_Unigram_Std_question2_x_question1_1D (1D) (corr = -0.08839520645443794)
[2017-05-08 00:33:18,278] INFO: Combine 183/206 feat: UniqueCount_Bigram_question1_1D (1D) (corr = -0.15306094984549581)
[2017-05-08 00:33:18,487] INFO: Combine 184/206 feat: UniqueCount_Bigram_question2_1D (1D) (corr = -0.15560582070470574)
[2017-05-08 00:33:18,662] INFO: Combine 185/206 feat: UniqueCount_Trigram_question1_1D (1D) (corr = -0.15053735889219347)
[2017-05-08 00:33:18,828] INFO: Combine 186/206 feat: UniqueCount_Trigram_question2_1D (1D) (corr = -0.1525243375491415)
[2017-05-08 00:33:19,010] INFO: Combine 187/206 feat: UniqueCount_Unigram_question1_1D (1D) (corr = -0.15094406824556897)
[2017-05-08 00:33:19,176] INFO: Combine 188/206 feat: UniqueCount_Unigram_question2_1D (1D) (corr = -0.1525577825295153)
[2017-05-08 00:33:19,302] INFO: Drop: UniqueRatio_Bigram_question1_1D (1D) (abs corr = 0.047696944120665684, < threshold = 0.05)
[2017-05-08 00:33:19,411] INFO: Combine 189/206 feat: UniqueRatio_Bigram_question2_1D (1D) (corr = 0.0535467236671763)
[2017-05-08 00:33:19,530] INFO: Drop: UniqueRatio_Trigram_question1_1D (1D) (abs corr = 0.028782025267621737, < threshold = 0.05)
[2017-05-08 00:33:19,643] INFO: Drop: UniqueRatio_Trigram_question2_1D (1D) (abs corr = 0.03249687326821264, < threshold = 0.05)
[2017-05-08 00:33:19,753] INFO: Combine 190/206 feat: UniqueRatio_Unigram_question1_1D (1D) (corr = 0.10583025688955425)
[2017-05-08 00:33:19,885] INFO: Combine 191/206 feat: UniqueRatio_Unigram_question2_1D (1D) (corr = 0.1207235483361981)
[2017-05-08 00:37:25,600] INFO: Overall Shape: 404290 x 191
[2017-05-08 00:37:25,619] INFO: Done combinning.
